2021-01-31 20:11:08,959 - INFO - logger set up
2021-01-31 20:11:09,278 - INFO - Note: NumExpr detected 20 cores but "NUMEXPR_MAX_THREADS" not set, so enforcing safe limit of 8.
2021-01-31 20:11:09,278 - INFO - NumExpr defaulting to 8 threads.
2021-01-31 20:11:11,793 - INFO - ====================
2021-01-31 20:11:11,793 - INFO - Fold 0
2021-01-31 20:11:11,794 - INFO - ====================
2021-01-31 20:11:13,755 - INFO - ********************
2021-01-31 20:11:13,755 - INFO - OOF prediction for fold0
2021-01-31 20:11:13,755 - INFO - ********************
2021-01-31 20:11:20,489 - INFO - ********************
2021-01-31 20:11:20,489 - INFO - Prediction on test for fold0
2021-01-31 20:11:20,489 - INFO - ********************
2021-01-31 20:15:08,056 - INFO - ====================
2021-01-31 20:15:08,056 - INFO - Fold 1
2021-01-31 20:15:08,056 - INFO - ====================
2021-01-31 20:15:08,497 - INFO - ********************
2021-01-31 20:15:08,497 - INFO - OOF prediction for fold1
2021-01-31 20:15:08,497 - INFO - ********************
2021-01-31 20:15:16,417 - INFO - ********************
2021-01-31 20:15:16,417 - INFO - Prediction on test for fold1
2021-01-31 20:15:16,417 - INFO - ********************
2021-01-31 20:19:04,193 - INFO - ====================
2021-01-31 20:19:04,194 - INFO - Fold 2
2021-01-31 20:19:04,194 - INFO - ====================
2021-01-31 20:19:04,631 - INFO - ********************
2021-01-31 20:19:04,631 - INFO - OOF prediction for fold2
2021-01-31 20:19:04,631 - INFO - ********************
2021-01-31 20:19:12,245 - INFO - ********************
2021-01-31 20:19:12,246 - INFO - Prediction on test for fold2
2021-01-31 20:19:12,246 - INFO - ********************
2021-01-31 20:22:58,001 - INFO - ====================
2021-01-31 20:22:58,001 - INFO - Fold 3
2021-01-31 20:22:58,001 - INFO - ====================
2021-01-31 20:22:58,449 - INFO - ********************
2021-01-31 20:22:58,449 - INFO - OOF prediction for fold3
2021-01-31 20:22:58,449 - INFO - ********************
2021-01-31 20:23:05,361 - INFO - ********************
2021-01-31 20:23:05,361 - INFO - Prediction on test for fold3
2021-01-31 20:23:05,361 - INFO - ********************
2021-01-31 20:26:53,870 - INFO - ====================
2021-01-31 20:26:53,870 - INFO - Fold 4
2021-01-31 20:26:53,870 - INFO - ====================
2021-01-31 20:26:54,312 - INFO - ********************
2021-01-31 20:26:54,312 - INFO - OOF prediction for fold4
2021-01-31 20:26:54,312 - INFO - ********************
2021-01-31 20:27:02,006 - INFO - ********************
2021-01-31 20:27:02,006 - INFO - Prediction on test for fold4
2021-01-31 20:27:02,006 - INFO - ********************
2021-01-31 20:30:48,620 - INFO - Valid LWLRAP: 0.87043
