2021-01-23 16:13:17,973 - INFO - logger set up
2021-01-23 16:13:18,291 - INFO - Note: NumExpr detected 20 cores but "NUMEXPR_MAX_THREADS" not set, so enforcing safe limit of 8.
2021-01-23 16:13:18,291 - INFO - NumExpr defaulting to 8 threads.
2021-01-23 16:13:20,812 - INFO - ====================
2021-01-23 16:13:20,812 - INFO - Fold 0
2021-01-23 16:13:20,813 - INFO - ====================
2021-01-23 16:13:22,792 - INFO - ********************
2021-01-23 16:13:22,792 - INFO - OOF prediction for fold0
2021-01-23 16:13:22,793 - INFO - ********************
2021-01-23 16:13:37,273 - INFO - ********************
2021-01-23 16:13:37,273 - INFO - Prediction on test for fold0
2021-01-23 16:13:37,273 - INFO - ********************
2021-01-23 16:20:24,617 - INFO - ====================
2021-01-23 16:20:24,618 - INFO - Fold 1
2021-01-23 16:20:24,618 - INFO - ====================
2021-01-23 16:20:25,055 - INFO - ********************
2021-01-23 16:20:25,055 - INFO - OOF prediction for fold1
2021-01-23 16:20:25,056 - INFO - ********************
2021-01-23 16:20:38,165 - INFO - ********************
2021-01-23 16:20:38,165 - INFO - Prediction on test for fold1
2021-01-23 16:20:38,165 - INFO - ********************
2021-01-23 16:27:30,659 - INFO - ====================
2021-01-23 16:27:30,659 - INFO - Fold 2
2021-01-23 16:27:30,659 - INFO - ====================
2021-01-23 16:27:31,098 - INFO - ********************
2021-01-23 16:27:31,098 - INFO - OOF prediction for fold2
2021-01-23 16:27:31,098 - INFO - ********************
2021-01-23 16:27:44,171 - INFO - ********************
2021-01-23 16:27:44,171 - INFO - Prediction on test for fold2
2021-01-23 16:27:44,171 - INFO - ********************
2021-01-23 16:34:33,525 - INFO - ====================
2021-01-23 16:34:33,525 - INFO - Fold 3
2021-01-23 16:34:33,525 - INFO - ====================
2021-01-23 16:34:33,967 - INFO - ********************
2021-01-23 16:34:33,967 - INFO - OOF prediction for fold3
2021-01-23 16:34:33,967 - INFO - ********************
2021-01-23 16:34:45,248 - INFO - ********************
2021-01-23 16:34:45,248 - INFO - Prediction on test for fold3
2021-01-23 16:34:45,249 - INFO - ********************
2021-01-23 16:41:38,750 - INFO - ====================
2021-01-23 16:41:38,750 - INFO - Fold 4
2021-01-23 16:41:38,750 - INFO - ====================
2021-01-23 16:41:39,193 - INFO - ********************
2021-01-23 16:41:39,193 - INFO - OOF prediction for fold4
2021-01-23 16:41:39,193 - INFO - ********************
2021-01-23 16:41:51,308 - INFO - ********************
2021-01-23 16:41:51,308 - INFO - Prediction on test for fold4
2021-01-23 16:41:51,308 - INFO - ********************
2021-01-23 16:48:39,181 - INFO - Valid LWLRAP: 0.87347
