2021-02-06 23:17:02,478 - INFO - logger set up
2021-02-06 23:17:03,396 - INFO - Note: NumExpr detected 40 cores but "NUMEXPR_MAX_THREADS" not set, so enforcing safe limit of 8.
2021-02-06 23:17:03,397 - INFO - NumExpr defaulting to 8 threads.
2021-02-06 23:17:10,314 - INFO - ====================
2021-02-06 23:17:10,314 - INFO - Fold 0
2021-02-06 23:17:10,314 - INFO - ====================
2021-02-06 23:17:27,720 - INFO - ********************
2021-02-06 23:17:27,721 - INFO - OOF prediction for fold0
2021-02-06 23:17:27,721 - INFO - ********************
2021-02-06 23:17:34,327 - INFO - ********************
2021-02-06 23:17:34,328 - INFO - Prediction on test for fold0
2021-02-06 23:17:34,328 - INFO - ********************
2021-02-06 23:18:52,790 - INFO - ====================
2021-02-06 23:18:52,790 - INFO - Fold 1
2021-02-06 23:18:52,791 - INFO - ====================
2021-02-06 23:18:53,827 - INFO - ********************
2021-02-06 23:18:53,827 - INFO - OOF prediction for fold1
2021-02-06 23:18:53,828 - INFO - ********************
2021-02-06 23:19:00,572 - INFO - ********************
2021-02-06 23:19:00,573 - INFO - Prediction on test for fold1
2021-02-06 23:19:00,573 - INFO - ********************
2021-02-06 23:20:17,228 - INFO - ====================
2021-02-06 23:20:17,228 - INFO - Fold 2
2021-02-06 23:20:17,228 - INFO - ====================
2021-02-06 23:20:18,268 - INFO - ********************
2021-02-06 23:20:18,268 - INFO - OOF prediction for fold2
2021-02-06 23:20:18,268 - INFO - ********************
2021-02-06 23:20:25,276 - INFO - ********************
2021-02-06 23:20:25,276 - INFO - Prediction on test for fold2
2021-02-06 23:20:25,276 - INFO - ********************
2021-02-06 23:21:41,997 - INFO - ====================
2021-02-06 23:21:41,998 - INFO - Fold 3
2021-02-06 23:21:41,998 - INFO - ====================
2021-02-06 23:21:43,043 - INFO - ********************
2021-02-06 23:21:43,044 - INFO - OOF prediction for fold3
2021-02-06 23:21:43,044 - INFO - ********************
2021-02-06 23:21:49,665 - INFO - ********************
2021-02-06 23:21:49,665 - INFO - Prediction on test for fold3
2021-02-06 23:21:49,666 - INFO - ********************
2021-02-06 23:23:06,183 - INFO - ====================
2021-02-06 23:23:06,183 - INFO - Fold 4
2021-02-06 23:23:06,183 - INFO - ====================
2021-02-06 23:23:07,238 - INFO - ********************
2021-02-06 23:23:07,238 - INFO - OOF prediction for fold4
2021-02-06 23:23:07,238 - INFO - ********************
2021-02-06 23:23:13,863 - INFO - ********************
2021-02-06 23:23:13,863 - INFO - Prediction on test for fold4
2021-02-06 23:23:13,863 - INFO - ********************
2021-02-06 23:24:30,923 - INFO - Valid LWLRAP: 0.85564
