2021-02-06 06:35:08,797 - INFO - logger set up
2021-02-06 06:35:09,118 - INFO - Note: NumExpr detected 20 cores but "NUMEXPR_MAX_THREADS" not set, so enforcing safe limit of 8.
2021-02-06 06:35:09,118 - INFO - NumExpr defaulting to 8 threads.
2021-02-06 06:35:11,704 - INFO - ====================
2021-02-06 06:35:11,704 - INFO - Fold 0
2021-02-06 06:35:11,704 - INFO - ====================
2021-02-06 06:35:13,418 - INFO - ********************
2021-02-06 06:35:13,418 - INFO - OOF prediction for fold0
2021-02-06 06:35:13,419 - INFO - ********************
2021-02-06 06:35:20,737 - INFO - ********************
2021-02-06 06:35:20,737 - INFO - Prediction on test for fold0
2021-02-06 06:35:20,737 - INFO - ********************
2021-02-06 06:43:57,042 - INFO - ====================
2021-02-06 06:43:57,042 - INFO - Fold 1
2021-02-06 06:43:57,042 - INFO - ====================
2021-02-06 06:43:57,198 - INFO - ********************
2021-02-06 06:43:57,198 - INFO - OOF prediction for fold1
2021-02-06 06:43:57,198 - INFO - ********************
2021-02-06 06:44:06,237 - INFO - ********************
2021-02-06 06:44:06,237 - INFO - Prediction on test for fold1
2021-02-06 06:44:06,237 - INFO - ********************
2021-02-06 06:52:44,986 - INFO - ====================
2021-02-06 06:52:44,986 - INFO - Fold 2
2021-02-06 06:52:44,986 - INFO - ====================
2021-02-06 06:52:45,136 - INFO - ********************
2021-02-06 06:52:45,136 - INFO - OOF prediction for fold2
2021-02-06 06:52:45,136 - INFO - ********************
2021-02-06 06:52:53,430 - INFO - ********************
2021-02-06 06:52:53,430 - INFO - Prediction on test for fold2
2021-02-06 06:52:53,430 - INFO - ********************
2021-02-06 07:01:31,085 - INFO - ====================
2021-02-06 07:01:31,085 - INFO - Fold 3
2021-02-06 07:01:31,085 - INFO - ====================
2021-02-06 07:01:31,232 - INFO - ********************
2021-02-06 07:01:31,232 - INFO - OOF prediction for fold3
2021-02-06 07:01:31,232 - INFO - ********************
2021-02-06 07:01:39,320 - INFO - ********************
2021-02-06 07:01:39,320 - INFO - Prediction on test for fold3
2021-02-06 07:01:39,320 - INFO - ********************
2021-02-06 07:10:13,714 - INFO - ====================
2021-02-06 07:10:13,714 - INFO - Fold 4
2021-02-06 07:10:13,714 - INFO - ====================
2021-02-06 07:10:13,869 - INFO - ********************
2021-02-06 07:10:13,869 - INFO - OOF prediction for fold4
2021-02-06 07:10:13,869 - INFO - ********************
2021-02-06 07:10:22,471 - INFO - ********************
2021-02-06 07:10:22,471 - INFO - Prediction on test for fold4
2021-02-06 07:10:22,471 - INFO - ********************
2021-02-06 07:19:03,127 - INFO - Valid LWLRAP: 0.89801
