2021-02-06 23:16:35,744 - INFO - logger set up
2021-02-06 23:16:43,503 - INFO - ====================
2021-02-06 23:16:43,503 - INFO - Fold 0
2021-02-06 23:16:43,503 - INFO - ====================
2021-02-06 23:16:49,520 - INFO - ********************
2021-02-06 23:16:49,520 - INFO - OOF prediction for fold0
2021-02-06 23:16:49,520 - INFO - ********************
2021-02-06 23:16:57,289 - INFO - ********************
2021-02-06 23:16:57,289 - INFO - Prediction on test for fold0
2021-02-06 23:16:57,289 - INFO - ********************
2021-02-06 23:19:53,393 - INFO - ====================
2021-02-06 23:19:53,394 - INFO - Fold 1
2021-02-06 23:19:53,394 - INFO - ====================
2021-02-06 23:19:54,048 - INFO - ********************
2021-02-06 23:19:54,049 - INFO - OOF prediction for fold1
2021-02-06 23:19:54,049 - INFO - ********************
2021-02-06 23:20:02,011 - INFO - ********************
2021-02-06 23:20:02,011 - INFO - Prediction on test for fold1
2021-02-06 23:20:02,012 - INFO - ********************
2021-02-06 23:22:56,944 - INFO - ====================
2021-02-06 23:22:56,945 - INFO - Fold 2
2021-02-06 23:22:56,945 - INFO - ====================
2021-02-06 23:22:57,574 - INFO - ********************
2021-02-06 23:22:57,575 - INFO - OOF prediction for fold2
2021-02-06 23:22:57,575 - INFO - ********************
2021-02-06 23:23:06,451 - INFO - ********************
2021-02-06 23:23:06,451 - INFO - Prediction on test for fold2
2021-02-06 23:23:06,451 - INFO - ********************
2021-02-06 23:26:03,381 - INFO - ====================
2021-02-06 23:26:03,382 - INFO - Fold 3
2021-02-06 23:26:03,382 - INFO - ====================
2021-02-06 23:26:04,052 - INFO - ********************
2021-02-06 23:26:04,052 - INFO - OOF prediction for fold3
2021-02-06 23:26:04,052 - INFO - ********************
2021-02-06 23:26:12,644 - INFO - ********************
2021-02-06 23:26:12,645 - INFO - Prediction on test for fold3
2021-02-06 23:26:12,645 - INFO - ********************
2021-02-06 23:29:07,994 - INFO - ====================
2021-02-06 23:29:07,994 - INFO - Fold 4
2021-02-06 23:29:07,994 - INFO - ====================
2021-02-06 23:29:08,645 - INFO - ********************
2021-02-06 23:29:08,645 - INFO - OOF prediction for fold4
2021-02-06 23:29:08,645 - INFO - ********************
2021-02-06 23:29:16,818 - INFO - ********************
2021-02-06 23:29:16,819 - INFO - Prediction on test for fold4
2021-02-06 23:29:16,819 - INFO - ********************
2021-02-06 23:32:13,803 - INFO - Valid LWLRAP: 0.88276
2021-02-06 23:32:13,962 - INFO - Internal process exited
2021-02-09 21:19:08,592 - INFO - logger set up
2021-02-09 21:19:16,343 - INFO - ====================
2021-02-09 21:19:16,343 - INFO - Fold 0
2021-02-09 21:19:16,343 - INFO - ====================
2021-02-09 21:19:22,060 - INFO - ********************
2021-02-09 21:19:22,060 - INFO - Soft OOF prediction for fold0
2021-02-09 21:19:22,060 - INFO - ********************
2021-02-09 21:19:49,035 - INFO - ********************
2021-02-09 21:19:49,036 - INFO - Soft prediction for test
2021-02-09 21:19:49,036 - INFO - ********************
2021-02-09 21:23:32,971 - INFO - ********************
2021-02-09 21:23:32,971 - INFO - OOF prediction for fold0
2021-02-09 21:23:32,971 - INFO - ********************
2021-02-09 21:23:41,014 - INFO - ********************
2021-02-09 21:23:41,014 - INFO - Prediction on test for fold0
2021-02-09 21:23:41,014 - INFO - ********************
2021-02-09 21:26:37,948 - INFO - ====================
2021-02-09 21:26:37,948 - INFO - Fold 1
2021-02-09 21:26:37,949 - INFO - ====================
2021-02-09 21:26:38,632 - INFO - ********************
2021-02-09 21:26:38,632 - INFO - Soft OOF prediction for fold1
2021-02-09 21:26:38,632 - INFO - ********************
2021-02-09 21:27:05,822 - INFO - ********************
2021-02-09 21:27:05,822 - INFO - Soft prediction for test
2021-02-09 21:27:05,823 - INFO - ********************
2021-02-09 21:30:48,585 - INFO - ********************
2021-02-09 21:30:48,585 - INFO - OOF prediction for fold1
2021-02-09 21:30:48,585 - INFO - ********************
2021-02-09 21:30:57,034 - INFO - ********************
2021-02-09 21:30:57,035 - INFO - Prediction on test for fold1
2021-02-09 21:30:57,035 - INFO - ********************
2021-02-09 21:33:51,370 - INFO - ====================
2021-02-09 21:33:51,371 - INFO - Fold 2
2021-02-09 21:33:51,371 - INFO - ====================
2021-02-09 21:33:52,077 - INFO - ********************
2021-02-09 21:33:52,077 - INFO - Soft OOF prediction for fold2
2021-02-09 21:33:52,077 - INFO - ********************
2021-02-09 21:34:22,872 - INFO - ********************
2021-02-09 21:34:22,873 - INFO - Soft prediction for test
2021-02-09 21:34:22,873 - INFO - ********************
2021-02-09 21:38:06,448 - INFO - ********************
2021-02-09 21:38:06,448 - INFO - OOF prediction for fold2
2021-02-09 21:38:06,448 - INFO - ********************
2021-02-09 21:38:15,173 - INFO - ********************
2021-02-09 21:38:15,173 - INFO - Prediction on test for fold2
2021-02-09 21:38:15,173 - INFO - ********************
2021-02-09 21:41:10,174 - INFO - ====================
2021-02-09 21:41:10,174 - INFO - Fold 3
2021-02-09 21:41:10,175 - INFO - ====================
2021-02-09 21:41:10,884 - INFO - ********************
2021-02-09 21:41:10,884 - INFO - Soft OOF prediction for fold3
2021-02-09 21:41:10,884 - INFO - ********************
2021-02-09 21:41:38,690 - INFO - ********************
2021-02-09 21:41:38,691 - INFO - Soft prediction for test
2021-02-09 21:41:38,691 - INFO - ********************
2021-02-09 21:45:21,247 - INFO - ********************
2021-02-09 21:45:21,248 - INFO - OOF prediction for fold3
2021-02-09 21:45:21,248 - INFO - ********************
2021-02-09 21:45:29,782 - INFO - ********************
2021-02-09 21:45:29,782 - INFO - Prediction on test for fold3
2021-02-09 21:45:29,782 - INFO - ********************
2021-02-09 21:48:26,690 - INFO - ====================
2021-02-09 21:48:26,690 - INFO - Fold 4
2021-02-09 21:48:26,691 - INFO - ====================
2021-02-09 21:48:27,420 - INFO - ********************
2021-02-09 21:48:27,420 - INFO - Soft OOF prediction for fold4
2021-02-09 21:48:27,420 - INFO - ********************
2021-02-09 21:48:52,842 - INFO - ********************
2021-02-09 21:48:52,842 - INFO - Soft prediction for test
2021-02-09 21:48:52,842 - INFO - ********************
2021-02-09 21:52:36,156 - INFO - ********************
2021-02-09 21:52:36,156 - INFO - OOF prediction for fold4
2021-02-09 21:52:36,156 - INFO - ********************
2021-02-09 21:52:44,445 - INFO - ********************
2021-02-09 21:52:44,445 - INFO - Prediction on test for fold4
2021-02-09 21:52:44,445 - INFO - ********************
2021-02-09 21:55:41,384 - INFO - Valid LWLRAP: 0.88276
2021-02-09 21:55:49,856 - INFO - Internal process exited
