2021-01-22 17:39:33,987 - INFO - logger set up
2021-01-22 17:39:34,307 - INFO - Note: NumExpr detected 20 cores but "NUMEXPR_MAX_THREADS" not set, so enforcing safe limit of 8.
2021-01-22 17:39:34,307 - INFO - NumExpr defaulting to 8 threads.
2021-01-22 17:39:36,835 - INFO - ====================
2021-01-22 17:39:36,835 - INFO - Fold 0
2021-01-22 17:39:36,835 - INFO - ====================
2021-01-22 17:39:38,843 - INFO - ********************
2021-01-22 17:39:38,843 - INFO - OOF prediction for fold0
2021-01-22 17:39:38,843 - INFO - ********************
2021-01-22 17:39:54,751 - INFO - ********************
2021-01-22 17:39:54,751 - INFO - Prediction on test for fold0
2021-01-22 17:39:54,751 - INFO - ********************
2021-01-22 17:47:39,843 - INFO - ====================
2021-01-22 17:47:39,843 - INFO - Fold 1
2021-01-22 17:47:39,843 - INFO - ====================
2021-01-22 17:47:40,280 - INFO - ********************
2021-01-22 17:47:40,280 - INFO - OOF prediction for fold1
2021-01-22 17:47:40,280 - INFO - ********************
2021-01-22 17:47:54,744 - INFO - ********************
2021-01-22 17:47:54,745 - INFO - Prediction on test for fold1
2021-01-22 17:47:54,745 - INFO - ********************
2021-01-22 17:55:44,282 - INFO - ====================
2021-01-22 17:55:44,282 - INFO - Fold 2
2021-01-22 17:55:44,282 - INFO - ====================
2021-01-22 17:55:44,721 - INFO - ********************
2021-01-22 17:55:44,721 - INFO - OOF prediction for fold2
2021-01-22 17:55:44,721 - INFO - ********************
2021-01-22 17:55:59,545 - INFO - ********************
2021-01-22 17:55:59,545 - INFO - Prediction on test for fold2
2021-01-22 17:55:59,545 - INFO - ********************
2021-01-22 18:03:49,686 - INFO - ====================
2021-01-22 18:03:49,686 - INFO - Fold 3
2021-01-22 18:03:49,686 - INFO - ====================
2021-01-22 18:03:50,118 - INFO - ********************
2021-01-22 18:03:50,119 - INFO - OOF prediction for fold3
2021-01-22 18:03:50,119 - INFO - ********************
2021-01-22 18:04:02,067 - INFO - ********************
2021-01-22 18:04:02,067 - INFO - Prediction on test for fold3
2021-01-22 18:04:02,067 - INFO - ********************
2021-01-22 18:11:50,197 - INFO - ====================
2021-01-22 18:11:50,197 - INFO - Fold 4
2021-01-22 18:11:50,197 - INFO - ====================
2021-01-22 18:11:50,637 - INFO - ********************
2021-01-22 18:11:50,637 - INFO - OOF prediction for fold4
2021-01-22 18:11:50,638 - INFO - ********************
2021-01-22 18:12:03,657 - INFO - ********************
2021-01-22 18:12:03,657 - INFO - Prediction on test for fold4
2021-01-22 18:12:03,657 - INFO - ********************
2021-01-22 18:19:51,351 - INFO - Valid LWLRAP: 0.88291
