2021-01-23 08:55:14,002 - INFO - logger set up
2021-01-23 08:55:14,324 - INFO - Note: NumExpr detected 20 cores but "NUMEXPR_MAX_THREADS" not set, so enforcing safe limit of 8.
2021-01-23 08:55:14,324 - INFO - NumExpr defaulting to 8 threads.
2021-01-23 08:55:16,878 - INFO - ====================
2021-01-23 08:55:16,878 - INFO - Fold 0
2021-01-23 08:55:16,878 - INFO - ====================
2021-01-23 08:55:18,591 - INFO - ********************
2021-01-23 08:55:18,591 - INFO - OOF prediction for fold0
2021-01-23 08:55:18,591 - INFO - ********************
2021-01-23 08:55:33,994 - INFO - ********************
2021-01-23 08:55:33,994 - INFO - Prediction on test for fold0
2021-01-23 08:55:33,994 - INFO - ********************
2021-01-23 09:03:17,994 - INFO - ====================
2021-01-23 09:03:17,994 - INFO - Fold 1
2021-01-23 09:03:17,994 - INFO - ====================
2021-01-23 09:03:18,145 - INFO - ********************
2021-01-23 09:03:18,146 - INFO - OOF prediction for fold1
2021-01-23 09:03:18,146 - INFO - ********************
2021-01-23 09:03:32,424 - INFO - ********************
2021-01-23 09:03:32,424 - INFO - Prediction on test for fold1
2021-01-23 09:03:32,424 - INFO - ********************
2021-01-23 09:11:15,238 - INFO - ====================
2021-01-23 09:11:15,238 - INFO - Fold 2
2021-01-23 09:11:15,238 - INFO - ====================
2021-01-23 09:11:15,386 - INFO - ********************
2021-01-23 09:11:15,386 - INFO - OOF prediction for fold2
2021-01-23 09:11:15,386 - INFO - ********************
2021-01-23 09:11:29,823 - INFO - ********************
2021-01-23 09:11:29,823 - INFO - Prediction on test for fold2
2021-01-23 09:11:29,823 - INFO - ********************
2021-01-23 09:19:15,012 - INFO - ====================
2021-01-23 09:19:15,012 - INFO - Fold 3
2021-01-23 09:19:15,012 - INFO - ====================
2021-01-23 09:19:15,161 - INFO - ********************
2021-01-23 09:19:15,162 - INFO - OOF prediction for fold3
2021-01-23 09:19:15,162 - INFO - ********************
2021-01-23 09:19:26,957 - INFO - ********************
2021-01-23 09:19:26,957 - INFO - Prediction on test for fold3
2021-01-23 09:19:26,957 - INFO - ********************
2021-01-23 09:27:15,673 - INFO - ====================
2021-01-23 09:27:15,674 - INFO - Fold 4
2021-01-23 09:27:15,674 - INFO - ====================
2021-01-23 09:27:15,821 - INFO - ********************
2021-01-23 09:27:15,821 - INFO - OOF prediction for fold4
2021-01-23 09:27:15,821 - INFO - ********************
2021-01-23 09:27:28,157 - INFO - ********************
2021-01-23 09:27:28,157 - INFO - Prediction on test for fold4
2021-01-23 09:27:28,157 - INFO - ********************
2021-01-23 09:35:12,903 - INFO - Valid LWLRAP: 0.87065
