2021-02-07 20:50:03,624 - INFO - logger set up
2021-02-07 20:50:12,926 - INFO - ====================
2021-02-07 20:50:12,927 - INFO - Fold 0
2021-02-07 20:50:12,927 - INFO - ====================
2021-02-07 20:50:22,203 - INFO - ********************
2021-02-07 20:50:22,203 - INFO - OOF prediction for fold0
2021-02-07 20:50:22,204 - INFO - ********************
2021-02-07 20:50:36,436 - INFO - ********************
2021-02-07 20:50:36,437 - INFO - Prediction on test for fold0
2021-02-07 20:50:36,437 - INFO - ********************
2021-02-07 20:53:23,977 - INFO - ====================
2021-02-07 20:53:23,978 - INFO - Fold 1
2021-02-07 20:53:23,979 - INFO - ====================
2021-02-07 20:53:25,647 - INFO - ********************
2021-02-07 20:53:25,647 - INFO - OOF prediction for fold1
2021-02-07 20:53:25,648 - INFO - ********************
2021-02-07 20:53:39,642 - INFO - ********************
2021-02-07 20:53:39,643 - INFO - Prediction on test for fold1
2021-02-07 20:53:39,643 - INFO - ********************
2021-02-07 20:56:27,976 - INFO - ====================
2021-02-07 20:56:27,977 - INFO - Fold 2
2021-02-07 20:56:27,978 - INFO - ====================
2021-02-07 20:56:29,873 - INFO - ********************
2021-02-07 20:56:29,873 - INFO - OOF prediction for fold2
2021-02-07 20:56:29,873 - INFO - ********************
2021-02-07 20:56:43,997 - INFO - ********************
2021-02-07 20:56:43,998 - INFO - Prediction on test for fold2
2021-02-07 20:56:43,999 - INFO - ********************
2021-02-07 20:59:35,939 - INFO - ====================
2021-02-07 20:59:35,940 - INFO - Fold 3
2021-02-07 20:59:35,940 - INFO - ====================
2021-02-07 20:59:37,331 - INFO - ********************
2021-02-07 20:59:37,331 - INFO - OOF prediction for fold3
2021-02-07 20:59:37,331 - INFO - ********************
2021-02-07 20:59:48,734 - INFO - ********************
2021-02-07 20:59:48,740 - INFO - Prediction on test for fold3
2021-02-07 20:59:48,742 - INFO - ********************
2021-02-07 21:02:39,631 - INFO - ====================
2021-02-07 21:02:39,633 - INFO - Fold 4
2021-02-07 21:02:39,634 - INFO - ====================
2021-02-07 21:02:41,322 - INFO - ********************
2021-02-07 21:02:41,323 - INFO - OOF prediction for fold4
2021-02-07 21:02:41,324 - INFO - ********************
2021-02-07 21:02:51,273 - INFO - ********************
2021-02-07 21:02:51,273 - INFO - Prediction on test for fold4
2021-02-07 21:02:51,273 - INFO - ********************
2021-02-07 21:05:42,463 - INFO - Valid LWLRAP: 0.86204
2021-02-07 21:05:42,822 - INFO - Internal process exited
