2021-02-07 15:02:14,373 - INFO - logger set up
2021-02-07 15:02:25,366 - INFO - ====================
2021-02-07 15:02:25,366 - INFO - Fold 0
2021-02-07 15:02:25,366 - INFO - ====================
2021-02-07 15:02:31,786 - INFO - ********************
2021-02-07 15:02:31,786 - INFO - OOF prediction for fold0
2021-02-07 15:02:31,786 - INFO - ********************
2021-02-07 15:02:42,422 - INFO - ********************
2021-02-07 15:02:42,423 - INFO - Prediction on test for fold0
2021-02-07 15:02:42,423 - INFO - ********************
2021-02-07 15:05:52,536 - INFO - ====================
2021-02-07 15:05:52,536 - INFO - Fold 1
2021-02-07 15:05:52,536 - INFO - ====================
2021-02-07 15:05:52,878 - INFO - ********************
2021-02-07 15:05:52,878 - INFO - OOF prediction for fold1
2021-02-07 15:05:52,878 - INFO - ********************
2021-02-07 15:06:02,948 - INFO - ********************
2021-02-07 15:06:02,948 - INFO - Prediction on test for fold1
2021-02-07 15:06:02,948 - INFO - ********************
2021-02-07 15:09:12,221 - INFO - ====================
2021-02-07 15:09:12,221 - INFO - Fold 2
2021-02-07 15:09:12,221 - INFO - ====================
2021-02-07 15:09:12,543 - INFO - ********************
2021-02-07 15:09:12,543 - INFO - OOF prediction for fold2
2021-02-07 15:09:12,543 - INFO - ********************
2021-02-07 15:09:20,720 - INFO - ********************
2021-02-07 15:09:20,721 - INFO - Prediction on test for fold2
2021-02-07 15:09:20,722 - INFO - ********************
2021-02-07 15:12:31,876 - INFO - ====================
2021-02-07 15:12:31,877 - INFO - Fold 3
2021-02-07 15:12:31,877 - INFO - ====================
2021-02-07 15:12:32,231 - INFO - ********************
2021-02-07 15:12:32,231 - INFO - OOF prediction for fold3
2021-02-07 15:12:32,231 - INFO - ********************
2021-02-07 15:12:39,960 - INFO - ********************
2021-02-07 15:12:39,961 - INFO - Prediction on test for fold3
2021-02-07 15:12:39,962 - INFO - ********************
2021-02-07 15:15:50,957 - INFO - ====================
2021-02-07 15:15:50,957 - INFO - Fold 4
2021-02-07 15:15:50,957 - INFO - ====================
2021-02-07 15:15:51,332 - INFO - ********************
2021-02-07 15:15:51,332 - INFO - OOF prediction for fold4
2021-02-07 15:15:51,332 - INFO - ********************
2021-02-07 15:15:58,659 - INFO - ********************
2021-02-07 15:15:58,659 - INFO - Prediction on test for fold4
2021-02-07 15:15:58,660 - INFO - ********************
2021-02-07 15:19:10,016 - INFO - Valid LWLRAP: 0.88070
2021-02-07 15:19:10,269 - INFO - Internal process exited
