2021-01-19 07:51:15,427 - INFO - logger set up
2021-01-19 07:51:15,745 - INFO - Note: NumExpr detected 20 cores but "NUMEXPR_MAX_THREADS" not set, so enforcing safe limit of 8.
2021-01-19 07:51:15,745 - INFO - NumExpr defaulting to 8 threads.
2021-01-19 07:51:18,268 - INFO - ====================
2021-01-19 07:51:18,269 - INFO - Fold 0
2021-01-19 07:51:18,269 - INFO - ====================
2021-01-19 07:51:20,238 - INFO - ********************
2021-01-19 07:51:20,238 - INFO - OOF prediction for fold0
2021-01-19 07:51:20,238 - INFO - ********************
2021-01-19 07:51:35,969 - INFO - ********************
2021-01-19 07:51:35,969 - INFO - Prediction on test for fold0
2021-01-19 07:51:35,969 - INFO - ********************
2021-01-19 07:59:23,961 - INFO - ====================
2021-01-19 07:59:23,961 - INFO - Fold 1
2021-01-19 07:59:23,961 - INFO - ====================
2021-01-19 07:59:24,402 - INFO - ********************
2021-01-19 07:59:24,402 - INFO - OOF prediction for fold1
2021-01-19 07:59:24,402 - INFO - ********************
2021-01-19 07:59:39,472 - INFO - ********************
2021-01-19 07:59:39,473 - INFO - Prediction on test for fold1
2021-01-19 07:59:39,473 - INFO - ********************
2021-01-19 08:07:32,847 - INFO - ====================
2021-01-19 08:07:32,847 - INFO - Fold 2
2021-01-19 08:07:32,847 - INFO - ====================
2021-01-19 08:07:33,274 - INFO - ********************
2021-01-19 08:07:33,274 - INFO - OOF prediction for fold2
2021-01-19 08:07:33,274 - INFO - ********************
2021-01-19 08:07:47,874 - INFO - ********************
2021-01-19 08:07:47,874 - INFO - Prediction on test for fold2
2021-01-19 08:07:47,874 - INFO - ********************
2021-01-19 08:15:36,213 - INFO - ====================
2021-01-19 08:15:36,213 - INFO - Fold 3
2021-01-19 08:15:36,213 - INFO - ====================
2021-01-19 08:15:36,660 - INFO - ********************
2021-01-19 08:15:36,660 - INFO - OOF prediction for fold3
2021-01-19 08:15:36,660 - INFO - ********************
2021-01-19 08:15:48,913 - INFO - ********************
2021-01-19 08:15:48,913 - INFO - Prediction on test for fold3
2021-01-19 08:15:48,914 - INFO - ********************
2021-01-19 08:23:38,366 - INFO - ====================
2021-01-19 08:23:38,366 - INFO - Fold 4
2021-01-19 08:23:38,366 - INFO - ====================
2021-01-19 08:23:38,801 - INFO - ********************
2021-01-19 08:23:38,801 - INFO - OOF prediction for fold4
2021-01-19 08:23:38,801 - INFO - ********************
2021-01-19 08:23:51,655 - INFO - ********************
2021-01-19 08:23:51,656 - INFO - Prediction on test for fold4
2021-01-19 08:23:51,656 - INFO - ********************
2021-01-19 08:31:39,096 - INFO - Valid LWLRAP: 0.87323
