2020-12-17 06:38:50,217 - INFO - logger set up
2020-12-17 06:38:50,533 - INFO - Note: NumExpr detected 20 cores but "NUMEXPR_MAX_THREADS" not set, so enforcing safe limit of 8.
2020-12-17 06:38:50,533 - INFO - NumExpr defaulting to 8 threads.
2020-12-17 06:38:53,061 - INFO - ====================
2020-12-17 06:38:53,061 - INFO - Fold 0
2020-12-17 06:38:53,061 - INFO - ====================
2020-12-17 06:38:55,034 - INFO - ********************
2020-12-17 06:38:55,034 - INFO - OOF prediction for fold0
2020-12-17 06:38:55,034 - INFO - ********************
2020-12-17 06:39:08,481 - INFO - ********************
2020-12-17 06:39:08,481 - INFO - Prediction on test for fold0
2020-12-17 06:39:08,481 - INFO - ********************
2020-12-17 06:45:06,070 - INFO - ====================
2020-12-17 06:45:06,071 - INFO - Fold 1
2020-12-17 06:45:06,071 - INFO - ====================
2020-12-17 06:45:06,510 - INFO - ********************
2020-12-17 06:45:06,511 - INFO - OOF prediction for fold1
2020-12-17 06:45:06,511 - INFO - ********************
2020-12-17 06:45:18,950 - INFO - ********************
2020-12-17 06:45:18,950 - INFO - Prediction on test for fold1
2020-12-17 06:45:18,951 - INFO - ********************
2020-12-17 06:51:21,183 - INFO - ====================
2020-12-17 06:51:21,183 - INFO - Fold 2
2020-12-17 06:51:21,183 - INFO - ====================
2020-12-17 06:51:21,626 - INFO - ********************
2020-12-17 06:51:21,626 - INFO - OOF prediction for fold2
2020-12-17 06:51:21,626 - INFO - ********************
2020-12-17 06:51:34,173 - INFO - ********************
2020-12-17 06:51:34,173 - INFO - Prediction on test for fold2
2020-12-17 06:51:34,173 - INFO - ********************
2020-12-17 06:57:34,677 - INFO - ====================
2020-12-17 06:57:34,677 - INFO - Fold 3
2020-12-17 06:57:34,677 - INFO - ====================
2020-12-17 06:57:35,118 - INFO - ********************
2020-12-17 06:57:35,118 - INFO - OOF prediction for fold3
2020-12-17 06:57:35,118 - INFO - ********************
2020-12-17 06:57:45,265 - INFO - ********************
2020-12-17 06:57:45,265 - INFO - Prediction on test for fold3
2020-12-17 06:57:45,265 - INFO - ********************
2020-12-17 07:03:47,450 - INFO - ====================
2020-12-17 07:03:47,451 - INFO - Fold 4
2020-12-17 07:03:47,451 - INFO - ====================
2020-12-17 07:03:47,890 - INFO - ********************
2020-12-17 07:03:47,890 - INFO - OOF prediction for fold4
2020-12-17 07:03:47,891 - INFO - ********************
2020-12-17 07:03:58,641 - INFO - ********************
2020-12-17 07:03:58,641 - INFO - Prediction on test for fold4
2020-12-17 07:03:58,641 - INFO - ********************
2020-12-17 07:09:59,748 - INFO - Valid LWLRAP: 0.85849
