2021-02-06 11:22:03,121 - INFO - logger set up
2021-02-06 11:22:10,798 - INFO - ====================
2021-02-06 11:22:10,798 - INFO - Fold 0
2021-02-06 11:22:10,798 - INFO - ====================
2021-02-06 11:22:16,439 - INFO - ********************
2021-02-06 11:22:16,440 - INFO - OOF prediction for fold0
2021-02-06 11:22:16,440 - INFO - ********************
2021-02-06 11:22:20,463 - INFO - ********************
2021-02-06 11:22:20,463 - INFO - Prediction on test for fold0
2021-02-06 11:22:20,463 - INFO - ********************
2021-02-06 11:24:45,638 - INFO - ====================
2021-02-06 11:24:45,638 - INFO - Fold 1
2021-02-06 11:24:45,638 - INFO - ====================
2021-02-06 11:24:45,959 - INFO - ********************
2021-02-06 11:24:45,959 - INFO - OOF prediction for fold1
2021-02-06 11:24:45,959 - INFO - ********************
2021-02-06 11:24:50,100 - INFO - ********************
2021-02-06 11:24:50,100 - INFO - Prediction on test for fold1
2021-02-06 11:24:50,100 - INFO - ********************
2021-02-06 11:27:17,786 - INFO - ====================
2021-02-06 11:27:17,786 - INFO - Fold 2
2021-02-06 11:27:17,786 - INFO - ====================
2021-02-06 11:27:18,103 - INFO - ********************
2021-02-06 11:27:18,103 - INFO - OOF prediction for fold2
2021-02-06 11:27:18,103 - INFO - ********************
2021-02-06 11:27:22,376 - INFO - ********************
2021-02-06 11:27:22,376 - INFO - Prediction on test for fold2
2021-02-06 11:27:22,376 - INFO - ********************
2021-02-06 11:29:57,692 - INFO - ====================
2021-02-06 11:29:57,692 - INFO - Fold 3
2021-02-06 11:29:57,692 - INFO - ====================
2021-02-06 11:29:58,007 - INFO - ********************
2021-02-06 11:29:58,008 - INFO - OOF prediction for fold3
2021-02-06 11:29:58,008 - INFO - ********************
2021-02-06 11:30:01,970 - INFO - ********************
2021-02-06 11:30:01,970 - INFO - Prediction on test for fold3
2021-02-06 11:30:01,970 - INFO - ********************
2021-02-06 11:32:26,949 - INFO - ====================
2021-02-06 11:32:26,950 - INFO - Fold 4
2021-02-06 11:32:26,950 - INFO - ====================
2021-02-06 11:32:27,272 - INFO - ********************
2021-02-06 11:32:27,272 - INFO - OOF prediction for fold4
2021-02-06 11:32:27,272 - INFO - ********************
2021-02-06 11:32:30,967 - INFO - ********************
2021-02-06 11:32:30,967 - INFO - Prediction on test for fold4
2021-02-06 11:32:30,968 - INFO - ********************
2021-02-06 11:34:54,948 - INFO - Valid LWLRAP: 0.89830
2021-02-06 11:34:55,119 - INFO - Internal process exited
