2021-02-04 19:49:06,915 - INFO - logger set up
2021-02-04 19:49:07,237 - INFO - Note: NumExpr detected 20 cores but "NUMEXPR_MAX_THREADS" not set, so enforcing safe limit of 8.
2021-02-04 19:49:07,237 - INFO - NumExpr defaulting to 8 threads.
2021-02-04 19:49:09,800 - INFO - ====================
2021-02-04 19:49:09,800 - INFO - Fold 0
2021-02-04 19:49:09,800 - INFO - ====================
2021-02-04 19:49:11,524 - INFO - ********************
2021-02-04 19:49:11,524 - INFO - OOF prediction for fold0
2021-02-04 19:49:11,524 - INFO - ********************
2021-02-04 19:49:27,201 - INFO - ********************
2021-02-04 19:49:27,201 - INFO - Prediction on test for fold0
2021-02-04 19:49:27,201 - INFO - ********************
2021-02-04 19:57:18,671 - INFO - ====================
2021-02-04 19:57:18,671 - INFO - Fold 1
2021-02-04 19:57:18,672 - INFO - ====================
2021-02-04 19:57:18,821 - INFO - ********************
2021-02-04 19:57:18,821 - INFO - OOF prediction for fold1
2021-02-04 19:57:18,821 - INFO - ********************
2021-02-04 19:57:33,009 - INFO - ********************
2021-02-04 19:57:33,009 - INFO - Prediction on test for fold1
2021-02-04 19:57:33,010 - INFO - ********************
2021-02-04 20:05:22,738 - INFO - ====================
2021-02-04 20:05:22,738 - INFO - Fold 2
2021-02-04 20:05:22,738 - INFO - ====================
2021-02-04 20:05:22,890 - INFO - ********************
2021-02-04 20:05:22,890 - INFO - OOF prediction for fold2
2021-02-04 20:05:22,890 - INFO - ********************
2021-02-04 20:05:37,133 - INFO - ********************
2021-02-04 20:05:37,133 - INFO - Prediction on test for fold2
2021-02-04 20:05:37,133 - INFO - ********************
2021-02-04 20:13:25,019 - INFO - ====================
2021-02-04 20:13:25,019 - INFO - Fold 3
2021-02-04 20:13:25,019 - INFO - ====================
2021-02-04 20:13:25,169 - INFO - ********************
2021-02-04 20:13:25,169 - INFO - OOF prediction for fold3
2021-02-04 20:13:25,169 - INFO - ********************
2021-02-04 20:13:36,909 - INFO - ********************
2021-02-04 20:13:36,909 - INFO - Prediction on test for fold3
2021-02-04 20:13:36,910 - INFO - ********************
2021-02-04 20:21:25,463 - INFO - ====================
2021-02-04 20:21:25,463 - INFO - Fold 4
2021-02-04 20:21:25,463 - INFO - ====================
2021-02-04 20:21:25,616 - INFO - ********************
2021-02-04 20:21:25,616 - INFO - OOF prediction for fold4
2021-02-04 20:21:25,616 - INFO - ********************
2021-02-04 20:21:37,825 - INFO - ********************
2021-02-04 20:21:37,825 - INFO - Prediction on test for fold4
2021-02-04 20:21:37,825 - INFO - ********************
2021-02-04 20:29:30,286 - INFO - Valid LWLRAP: 0.85443
