2021-02-01 17:58:04,068 - INFO - logger set up
2021-02-01 17:58:04,383 - INFO - Note: NumExpr detected 20 cores but "NUMEXPR_MAX_THREADS" not set, so enforcing safe limit of 8.
2021-02-01 17:58:04,383 - INFO - NumExpr defaulting to 8 threads.
2021-02-01 17:58:06,928 - INFO - ====================
2021-02-01 17:58:06,928 - INFO - Fold 0
2021-02-01 17:58:06,928 - INFO - ====================
2021-02-01 17:58:08,884 - INFO - ********************
2021-02-01 17:58:08,884 - INFO - OOF prediction for fold0
2021-02-01 17:58:08,884 - INFO - ********************
2021-02-01 17:58:24,945 - INFO - ********************
2021-02-01 17:58:24,945 - INFO - Prediction on test for fold0
2021-02-01 17:58:24,945 - INFO - ********************
2021-02-01 18:06:19,765 - INFO - ====================
2021-02-01 18:06:19,765 - INFO - Fold 1
2021-02-01 18:06:19,765 - INFO - ====================
2021-02-01 18:06:20,209 - INFO - ********************
2021-02-01 18:06:20,209 - INFO - OOF prediction for fold1
2021-02-01 18:06:20,209 - INFO - ********************
2021-02-01 18:06:34,510 - INFO - ********************
2021-02-01 18:06:34,510 - INFO - Prediction on test for fold1
2021-02-01 18:06:34,510 - INFO - ********************
2021-02-01 18:14:29,537 - INFO - ====================
2021-02-01 18:14:29,537 - INFO - Fold 2
2021-02-01 18:14:29,537 - INFO - ====================
2021-02-01 18:14:29,971 - INFO - ********************
2021-02-01 18:14:29,971 - INFO - OOF prediction for fold2
2021-02-01 18:14:29,971 - INFO - ********************
2021-02-01 18:14:44,635 - INFO - ********************
2021-02-01 18:14:44,636 - INFO - Prediction on test for fold2
2021-02-01 18:14:44,636 - INFO - ********************
2021-02-01 18:22:36,573 - INFO - ====================
2021-02-01 18:22:36,573 - INFO - Fold 3
2021-02-01 18:22:36,573 - INFO - ====================
2021-02-01 18:22:37,009 - INFO - ********************
2021-02-01 18:22:37,009 - INFO - OOF prediction for fold3
2021-02-01 18:22:37,009 - INFO - ********************
2021-02-01 18:22:49,456 - INFO - ********************
2021-02-01 18:22:49,456 - INFO - Prediction on test for fold3
2021-02-01 18:22:49,456 - INFO - ********************
2021-02-01 18:30:42,320 - INFO - ====================
2021-02-01 18:30:42,320 - INFO - Fold 4
2021-02-01 18:30:42,320 - INFO - ====================
2021-02-01 18:30:42,757 - INFO - ********************
2021-02-01 18:30:42,757 - INFO - OOF prediction for fold4
2021-02-01 18:30:42,757 - INFO - ********************
2021-02-01 18:30:55,596 - INFO - ********************
2021-02-01 18:30:55,596 - INFO - Prediction on test for fold4
2021-02-01 18:30:55,596 - INFO - ********************
2021-02-01 18:38:49,729 - INFO - Valid LWLRAP: 0.88846
