2021-01-28 20:37:55,649 - INFO - logger set up
2021-01-28 20:37:55,971 - INFO - Note: NumExpr detected 20 cores but "NUMEXPR_MAX_THREADS" not set, so enforcing safe limit of 8.
2021-01-28 20:37:55,971 - INFO - NumExpr defaulting to 8 threads.
2021-01-28 20:37:58,502 - INFO - ====================
2021-01-28 20:37:58,503 - INFO - Fold 0
2021-01-28 20:37:58,503 - INFO - ====================
2021-01-28 20:38:00,508 - INFO - ********************
2021-01-28 20:38:00,508 - INFO - Soft OOF prediction for fold0
2021-01-28 20:38:00,508 - INFO - ********************
2021-01-28 20:38:43,707 - INFO - ********************
2021-01-28 20:38:43,707 - INFO - Soft prediction for test
2021-01-28 20:38:43,707 - INFO - ********************
2021-01-28 20:44:31,552 - INFO - ********************
2021-01-28 20:44:31,552 - INFO - OOF prediction for fold0
2021-01-28 20:44:31,552 - INFO - ********************
2021-01-28 20:44:46,156 - INFO - ********************
2021-01-28 20:44:46,156 - INFO - Prediction on test for fold0
2021-01-28 20:44:46,156 - INFO - ********************
2021-01-28 20:51:34,226 - INFO - ====================
2021-01-28 20:51:34,226 - INFO - Fold 1
2021-01-28 20:51:34,226 - INFO - ====================
2021-01-28 20:51:34,686 - INFO - ********************
2021-01-28 20:51:34,686 - INFO - Soft OOF prediction for fold1
2021-01-28 20:51:34,686 - INFO - ********************
2021-01-28 20:52:15,491 - INFO - ********************
2021-01-28 20:52:15,491 - INFO - Soft prediction for test
2021-01-28 20:52:15,491 - INFO - ********************
2021-01-28 20:58:04,595 - INFO - ********************
2021-01-28 20:58:04,595 - INFO - OOF prediction for fold1
2021-01-28 20:58:04,595 - INFO - ********************
2021-01-28 20:58:18,233 - INFO - ********************
2021-01-28 20:58:18,233 - INFO - Prediction on test for fold1
2021-01-28 20:58:18,233 - INFO - ********************
2021-01-28 21:05:08,151 - INFO - ====================
2021-01-28 21:05:08,152 - INFO - Fold 2
2021-01-28 21:05:08,152 - INFO - ====================
2021-01-28 21:05:08,598 - INFO - ********************
2021-01-28 21:05:08,598 - INFO - Soft OOF prediction for fold2
2021-01-28 21:05:08,598 - INFO - ********************
2021-01-28 21:05:50,532 - INFO - ********************
2021-01-28 21:05:50,532 - INFO - Soft prediction for test
2021-01-28 21:05:50,532 - INFO - ********************
2021-01-28 21:11:40,687 - INFO - ********************
2021-01-28 21:11:40,687 - INFO - OOF prediction for fold2
2021-01-28 21:11:40,688 - INFO - ********************
2021-01-28 21:11:54,085 - INFO - ********************
2021-01-28 21:11:54,085 - INFO - Prediction on test for fold2
2021-01-28 21:11:54,085 - INFO - ********************
2021-01-28 21:18:44,686 - INFO - ====================
2021-01-28 21:18:44,686 - INFO - Fold 3
2021-01-28 21:18:44,686 - INFO - ====================
2021-01-28 21:18:45,140 - INFO - ********************
2021-01-28 21:18:45,140 - INFO - Soft OOF prediction for fold3
2021-01-28 21:18:45,140 - INFO - ********************
2021-01-28 21:19:18,595 - INFO - ********************
2021-01-28 21:19:18,595 - INFO - Soft prediction for test
2021-01-28 21:19:18,595 - INFO - ********************
2021-01-28 21:25:06,523 - INFO - ********************
2021-01-28 21:25:06,523 - INFO - OOF prediction for fold3
2021-01-28 21:25:06,523 - INFO - ********************
2021-01-28 21:25:17,423 - INFO - ********************
2021-01-28 21:25:17,423 - INFO - Prediction on test for fold3
2021-01-28 21:25:17,423 - INFO - ********************
2021-01-28 21:32:08,174 - INFO - ====================
2021-01-28 21:32:08,174 - INFO - Fold 4
2021-01-28 21:32:08,174 - INFO - ====================
2021-01-28 21:32:08,681 - INFO - ********************
2021-01-28 21:32:08,681 - INFO - Soft OOF prediction for fold4
2021-01-28 21:32:08,681 - INFO - ********************
2021-01-28 21:32:44,058 - INFO - ********************
2021-01-28 21:32:44,058 - INFO - Soft prediction for test
2021-01-28 21:32:44,058 - INFO - ********************
2021-01-28 21:38:33,130 - INFO - ********************
2021-01-28 21:38:33,131 - INFO - OOF prediction for fold4
2021-01-28 21:38:33,131 - INFO - ********************
2021-01-28 21:38:44,968 - INFO - ********************
2021-01-28 21:38:44,968 - INFO - Prediction on test for fold4
2021-01-28 21:38:44,968 - INFO - ********************
2021-01-28 21:45:37,416 - INFO - Valid LWLRAP: 0.88036
