2021-01-20 13:09:02,677 - INFO - logger set up
2021-01-20 13:09:02,993 - INFO - Note: NumExpr detected 20 cores but "NUMEXPR_MAX_THREADS" not set, so enforcing safe limit of 8.
2021-01-20 13:09:02,993 - INFO - NumExpr defaulting to 8 threads.
2021-01-20 13:09:05,505 - INFO - ====================
2021-01-20 13:09:05,505 - INFO - Fold 0
2021-01-20 13:09:05,505 - INFO - ====================
2021-01-20 13:09:07,336 - INFO - ********************
2021-01-20 13:09:07,336 - INFO - OOF prediction for fold0
2021-01-20 13:09:07,336 - INFO - ********************
2021-01-20 13:09:22,770 - INFO - ********************
2021-01-20 13:09:22,770 - INFO - Prediction on test for fold0
2021-01-20 13:09:22,770 - INFO - ********************
2021-01-20 13:17:07,146 - INFO - ====================
2021-01-20 13:17:07,146 - INFO - Fold 1
2021-01-20 13:17:07,146 - INFO - ====================
2021-01-20 13:17:07,438 - INFO - ********************
2021-01-20 13:17:07,438 - INFO - OOF prediction for fold1
2021-01-20 13:17:07,438 - INFO - ********************
2021-01-20 13:17:21,969 - INFO - ********************
2021-01-20 13:17:21,969 - INFO - Prediction on test for fold1
2021-01-20 13:17:21,969 - INFO - ********************
2021-01-20 13:25:07,720 - INFO - ====================
2021-01-20 13:25:07,720 - INFO - Fold 2
2021-01-20 13:25:07,720 - INFO - ====================
2021-01-20 13:25:08,018 - INFO - ********************
2021-01-20 13:25:08,018 - INFO - OOF prediction for fold2
2021-01-20 13:25:08,018 - INFO - ********************
2021-01-20 13:25:22,405 - INFO - ********************
2021-01-20 13:25:22,405 - INFO - Prediction on test for fold2
2021-01-20 13:25:22,405 - INFO - ********************
2021-01-20 13:33:08,618 - INFO - ====================
2021-01-20 13:33:08,618 - INFO - Fold 3
2021-01-20 13:33:08,618 - INFO - ====================
2021-01-20 13:33:08,914 - INFO - ********************
2021-01-20 13:33:08,914 - INFO - OOF prediction for fold3
2021-01-20 13:33:08,914 - INFO - ********************
2021-01-20 13:33:21,456 - INFO - ********************
2021-01-20 13:33:21,456 - INFO - Prediction on test for fold3
2021-01-20 13:33:21,456 - INFO - ********************
2021-01-20 13:41:06,386 - INFO - ====================
2021-01-20 13:41:06,386 - INFO - Fold 4
2021-01-20 13:41:06,386 - INFO - ====================
2021-01-20 13:41:06,689 - INFO - ********************
2021-01-20 13:41:06,689 - INFO - OOF prediction for fold4
2021-01-20 13:41:06,689 - INFO - ********************
2021-01-20 13:41:19,232 - INFO - ********************
2021-01-20 13:41:19,232 - INFO - Prediction on test for fold4
2021-01-20 13:41:19,232 - INFO - ********************
2021-01-20 13:49:07,307 - INFO - Valid LWLRAP: 0.87194
