2021-02-07 23:21:25,733 - INFO - logger set up
2021-02-07 23:21:36,331 - INFO - ====================
2021-02-07 23:21:36,331 - INFO - Fold 0
2021-02-07 23:21:36,331 - INFO - ====================
2021-02-07 23:21:42,363 - INFO - ********************
2021-02-07 23:21:42,363 - INFO - OOF prediction for fold0
2021-02-07 23:21:42,363 - INFO - ********************
2021-02-07 23:21:48,506 - INFO - ********************
2021-02-07 23:21:48,506 - INFO - Prediction on test for fold0
2021-02-07 23:21:48,506 - INFO - ********************
2021-02-07 23:24:37,818 - INFO - ====================
2021-02-07 23:24:37,818 - INFO - Fold 1
2021-02-07 23:24:37,818 - INFO - ====================
2021-02-07 23:24:38,587 - INFO - ********************
2021-02-07 23:24:38,588 - INFO - OOF prediction for fold1
2021-02-07 23:24:38,588 - INFO - ********************
2021-02-07 23:24:47,001 - INFO - ********************
2021-02-07 23:24:47,001 - INFO - Prediction on test for fold1
2021-02-07 23:24:47,001 - INFO - ********************
2021-02-07 23:27:34,036 - INFO - ====================
2021-02-07 23:27:34,037 - INFO - Fold 2
2021-02-07 23:27:34,038 - INFO - ====================
2021-02-07 23:27:34,736 - INFO - ********************
2021-02-07 23:27:34,737 - INFO - OOF prediction for fold2
2021-02-07 23:27:34,737 - INFO - ********************
2021-02-07 23:27:43,984 - INFO - ********************
2021-02-07 23:27:43,984 - INFO - Prediction on test for fold2
2021-02-07 23:27:43,984 - INFO - ********************
2021-02-07 23:30:27,183 - INFO - ====================
2021-02-07 23:30:27,186 - INFO - Fold 3
2021-02-07 23:30:27,187 - INFO - ====================
2021-02-07 23:30:28,284 - INFO - ********************
2021-02-07 23:30:28,286 - INFO - OOF prediction for fold3
2021-02-07 23:30:28,286 - INFO - ********************
2021-02-07 23:30:39,754 - INFO - ********************
2021-02-07 23:30:39,755 - INFO - Prediction on test for fold3
2021-02-07 23:30:39,756 - INFO - ********************
2021-02-07 23:33:21,847 - INFO - ====================
2021-02-07 23:33:21,847 - INFO - Fold 4
2021-02-07 23:33:21,847 - INFO - ====================
2021-02-07 23:33:22,165 - INFO - ********************
2021-02-07 23:33:22,165 - INFO - OOF prediction for fold4
2021-02-07 23:33:22,165 - INFO - ********************
2021-02-07 23:33:31,443 - INFO - ********************
2021-02-07 23:33:31,444 - INFO - Prediction on test for fold4
2021-02-07 23:33:31,445 - INFO - ********************
2021-02-07 23:36:19,313 - INFO - Valid LWLRAP: 0.85663
2021-02-07 23:36:19,467 - INFO - Internal process exited
