2021-02-04 07:52:29,661 - INFO - logger set up
2021-02-04 07:52:29,989 - INFO - Note: NumExpr detected 20 cores but "NUMEXPR_MAX_THREADS" not set, so enforcing safe limit of 8.
2021-02-04 07:52:29,989 - INFO - NumExpr defaulting to 8 threads.
2021-02-04 07:52:32,523 - INFO - ====================
2021-02-04 07:52:32,523 - INFO - Fold 0
2021-02-04 07:52:32,523 - INFO - ====================
2021-02-04 07:52:34,216 - INFO - ********************
2021-02-04 07:52:34,216 - INFO - OOF prediction for fold0
2021-02-04 07:52:34,216 - INFO - ********************
2021-02-04 07:52:49,442 - INFO - ********************
2021-02-04 07:52:49,442 - INFO - Prediction on test for fold0
2021-02-04 07:52:49,442 - INFO - ********************
2021-02-04 08:00:34,654 - INFO - ====================
2021-02-04 08:00:34,654 - INFO - Fold 1
2021-02-04 08:00:34,654 - INFO - ====================
2021-02-04 08:00:34,809 - INFO - ********************
2021-02-04 08:00:34,809 - INFO - OOF prediction for fold1
2021-02-04 08:00:34,809 - INFO - ********************
2021-02-04 08:00:48,566 - INFO - ********************
2021-02-04 08:00:48,566 - INFO - Prediction on test for fold1
2021-02-04 08:00:48,566 - INFO - ********************
2021-02-04 08:08:42,874 - INFO - ====================
2021-02-04 08:08:42,874 - INFO - Fold 2
2021-02-04 08:08:42,874 - INFO - ====================
2021-02-04 08:08:43,026 - INFO - ********************
2021-02-04 08:08:43,026 - INFO - OOF prediction for fold2
2021-02-04 08:08:43,026 - INFO - ********************
2021-02-04 08:08:57,132 - INFO - ********************
2021-02-04 08:08:57,132 - INFO - Prediction on test for fold2
2021-02-04 08:08:57,132 - INFO - ********************
2021-02-04 08:16:44,666 - INFO - ====================
2021-02-04 08:16:44,666 - INFO - Fold 3
2021-02-04 08:16:44,666 - INFO - ====================
2021-02-04 08:16:44,819 - INFO - ********************
2021-02-04 08:16:44,819 - INFO - OOF prediction for fold3
2021-02-04 08:16:44,819 - INFO - ********************
2021-02-04 08:16:56,673 - INFO - ********************
2021-02-04 08:16:56,673 - INFO - Prediction on test for fold3
2021-02-04 08:16:56,673 - INFO - ********************
2021-02-04 08:24:42,098 - INFO - ====================
2021-02-04 08:24:42,098 - INFO - Fold 4
2021-02-04 08:24:42,098 - INFO - ====================
2021-02-04 08:24:42,251 - INFO - ********************
2021-02-04 08:24:42,251 - INFO - OOF prediction for fold4
2021-02-04 08:24:42,251 - INFO - ********************
2021-02-04 08:24:54,737 - INFO - ********************
2021-02-04 08:24:54,737 - INFO - Prediction on test for fold4
2021-02-04 08:24:54,737 - INFO - ********************
2021-02-04 08:32:45,557 - INFO - Valid LWLRAP: 0.86695
