2021-01-18 07:28:37,726 - INFO - logger set up
2021-01-18 07:28:38,058 - INFO - Note: NumExpr detected 20 cores but "NUMEXPR_MAX_THREADS" not set, so enforcing safe limit of 8.
2021-01-18 07:28:38,058 - INFO - NumExpr defaulting to 8 threads.
2021-01-18 07:28:38,309 - INFO - ====================
2021-01-18 07:28:38,309 - INFO - Fold 0
2021-01-18 07:28:38,309 - INFO - ====================
2021-01-18 07:28:40,135 - INFO - ********************
2021-01-18 07:28:40,135 - INFO - OOF prediction for fold0
2021-01-18 07:28:40,135 - INFO - ********************
2021-01-18 07:29:04,424 - INFO - ********************
2021-01-18 07:29:04,424 - INFO - Prediction on test for fold0
2021-01-18 07:29:04,424 - INFO - ********************
2021-01-18 07:31:39,281 - INFO - ====================
2021-01-18 07:31:39,281 - INFO - Fold 1
2021-01-18 07:31:39,281 - INFO - ====================
2021-01-18 07:31:39,575 - INFO - ********************
2021-01-18 07:31:39,575 - INFO - OOF prediction for fold1
2021-01-18 07:31:39,575 - INFO - ********************
2021-01-18 07:32:07,071 - INFO - ********************
2021-01-18 07:32:07,071 - INFO - Prediction on test for fold1
2021-01-18 07:32:07,071 - INFO - ********************
2021-01-18 07:34:42,596 - INFO - ====================
2021-01-18 07:34:42,596 - INFO - Fold 2
2021-01-18 07:34:42,596 - INFO - ====================
2021-01-18 07:34:42,891 - INFO - ********************
2021-01-18 07:34:42,892 - INFO - OOF prediction for fold2
2021-01-18 07:34:42,892 - INFO - ********************
2021-01-18 07:35:09,161 - INFO - ********************
2021-01-18 07:35:09,161 - INFO - Prediction on test for fold2
2021-01-18 07:35:09,161 - INFO - ********************
2021-01-18 07:37:46,524 - INFO - ====================
2021-01-18 07:37:46,524 - INFO - Fold 3
2021-01-18 07:37:46,524 - INFO - ====================
2021-01-18 07:37:46,818 - INFO - ********************
2021-01-18 07:37:46,818 - INFO - OOF prediction for fold3
2021-01-18 07:37:46,818 - INFO - ********************
2021-01-18 07:38:11,260 - INFO - ********************
2021-01-18 07:38:11,260 - INFO - Prediction on test for fold3
2021-01-18 07:38:11,260 - INFO - ********************
2021-01-18 07:40:47,917 - INFO - ====================
2021-01-18 07:40:47,917 - INFO - Fold 4
2021-01-18 07:40:47,917 - INFO - ====================
2021-01-18 07:40:48,211 - INFO - ********************
2021-01-18 07:40:48,211 - INFO - OOF prediction for fold4
2021-01-18 07:40:48,212 - INFO - ********************
2021-01-18 07:41:13,990 - INFO - ********************
2021-01-18 07:41:13,990 - INFO - Prediction on test for fold4
2021-01-18 07:41:13,990 - INFO - ********************
2021-01-18 07:43:49,010 - INFO - Valid LWLRAP: 0.82340
