2021-01-22 06:58:14,919 - INFO - logger set up
2021-01-22 06:58:15,238 - INFO - Note: NumExpr detected 20 cores but "NUMEXPR_MAX_THREADS" not set, so enforcing safe limit of 8.
2021-01-22 06:58:15,238 - INFO - NumExpr defaulting to 8 threads.
2021-01-22 06:58:17,771 - INFO - ====================
2021-01-22 06:58:17,771 - INFO - Fold 0
2021-01-22 06:58:17,771 - INFO - ====================
2021-01-22 06:58:19,761 - INFO - ********************
2021-01-22 06:58:19,761 - INFO - OOF prediction for fold0
2021-01-22 06:58:19,761 - INFO - ********************
2021-01-22 06:58:35,682 - INFO - ********************
2021-01-22 06:58:35,682 - INFO - Prediction on test for fold0
2021-01-22 06:58:35,682 - INFO - ********************
2021-01-22 07:06:22,606 - INFO - ====================
2021-01-22 07:06:22,606 - INFO - Fold 1
2021-01-22 07:06:22,606 - INFO - ====================
2021-01-22 07:06:23,041 - INFO - ********************
2021-01-22 07:06:23,042 - INFO - OOF prediction for fold1
2021-01-22 07:06:23,042 - INFO - ********************
2021-01-22 07:06:37,612 - INFO - ********************
2021-01-22 07:06:37,612 - INFO - Prediction on test for fold1
2021-01-22 07:06:37,612 - INFO - ********************
2021-01-22 07:14:24,383 - INFO - ====================
2021-01-22 07:14:24,383 - INFO - Fold 2
2021-01-22 07:14:24,383 - INFO - ====================
2021-01-22 07:14:24,815 - INFO - ********************
2021-01-22 07:14:24,815 - INFO - OOF prediction for fold2
2021-01-22 07:14:24,815 - INFO - ********************
2021-01-22 07:14:39,612 - INFO - ********************
2021-01-22 07:14:39,612 - INFO - Prediction on test for fold2
2021-01-22 07:14:39,612 - INFO - ********************
2021-01-22 07:22:29,750 - INFO - ====================
2021-01-22 07:22:29,750 - INFO - Fold 3
2021-01-22 07:22:29,750 - INFO - ====================
2021-01-22 07:22:30,186 - INFO - ********************
2021-01-22 07:22:30,186 - INFO - OOF prediction for fold3
2021-01-22 07:22:30,186 - INFO - ********************
2021-01-22 07:22:42,328 - INFO - ********************
2021-01-22 07:22:42,328 - INFO - Prediction on test for fold3
2021-01-22 07:22:42,328 - INFO - ********************
2021-01-22 07:30:30,550 - INFO - ====================
2021-01-22 07:30:30,550 - INFO - Fold 4
2021-01-22 07:30:30,550 - INFO - ====================
2021-01-22 07:30:31,038 - INFO - ********************
2021-01-22 07:30:31,038 - INFO - OOF prediction for fold4
2021-01-22 07:30:31,038 - INFO - ********************
2021-01-22 07:30:43,618 - INFO - ********************
2021-01-22 07:30:43,618 - INFO - Prediction on test for fold4
2021-01-22 07:30:43,618 - INFO - ********************
2021-01-22 07:38:35,062 - INFO - Valid LWLRAP: 0.88816
