2021-01-26 16:16:56,986 - INFO - logger set up
2021-01-26 16:16:57,303 - INFO - Note: NumExpr detected 20 cores but "NUMEXPR_MAX_THREADS" not set, so enforcing safe limit of 8.
2021-01-26 16:16:57,303 - INFO - NumExpr defaulting to 8 threads.
2021-01-26 16:16:59,845 - INFO - ====================
2021-01-26 16:16:59,845 - INFO - Fold 0
2021-01-26 16:16:59,845 - INFO - ====================
2021-01-26 16:17:01,838 - INFO - ********************
2021-01-26 16:17:01,838 - INFO - Soft OOF prediction for fold0
2021-01-26 16:17:01,838 - INFO - ********************
2021-01-26 16:17:44,391 - INFO - ********************
2021-01-26 16:17:44,391 - INFO - Soft prediction for test
2021-01-26 16:17:44,391 - INFO - ********************
2021-01-26 16:23:31,837 - INFO - ********************
2021-01-26 16:23:31,837 - INFO - OOF prediction for fold0
2021-01-26 16:23:31,837 - INFO - ********************
2021-01-26 16:23:46,650 - INFO - ********************
2021-01-26 16:23:46,650 - INFO - Prediction on test for fold0
2021-01-26 16:23:46,650 - INFO - ********************
2021-01-26 16:30:38,666 - INFO - ====================
2021-01-26 16:30:38,666 - INFO - Fold 1
2021-01-26 16:30:38,666 - INFO - ====================
2021-01-26 16:30:39,118 - INFO - ********************
2021-01-26 16:30:39,118 - INFO - Soft OOF prediction for fold1
2021-01-26 16:30:39,118 - INFO - ********************
2021-01-26 16:31:20,088 - INFO - ********************
2021-01-26 16:31:20,088 - INFO - Soft prediction for test
2021-01-26 16:31:20,089 - INFO - ********************
2021-01-26 16:37:09,343 - INFO - ********************
2021-01-26 16:37:09,343 - INFO - OOF prediction for fold1
2021-01-26 16:37:09,343 - INFO - ********************
2021-01-26 16:37:22,813 - INFO - ********************
2021-01-26 16:37:22,813 - INFO - Prediction on test for fold1
2021-01-26 16:37:22,813 - INFO - ********************
2021-01-26 16:44:13,540 - INFO - ====================
2021-01-26 16:44:13,540 - INFO - Fold 2
2021-01-26 16:44:13,540 - INFO - ====================
2021-01-26 16:44:13,986 - INFO - ********************
2021-01-26 16:44:13,986 - INFO - Soft OOF prediction for fold2
2021-01-26 16:44:13,986 - INFO - ********************
2021-01-26 16:44:56,668 - INFO - ********************
2021-01-26 16:44:56,668 - INFO - Soft prediction for test
2021-01-26 16:44:56,668 - INFO - ********************
2021-01-26 16:50:48,377 - INFO - ********************
2021-01-26 16:50:48,377 - INFO - OOF prediction for fold2
2021-01-26 16:50:48,377 - INFO - ********************
2021-01-26 16:51:02,302 - INFO - ********************
2021-01-26 16:51:02,302 - INFO - Prediction on test for fold2
2021-01-26 16:51:02,302 - INFO - ********************
2021-01-26 16:57:52,909 - INFO - ====================
2021-01-26 16:57:52,909 - INFO - Fold 3
2021-01-26 16:57:52,909 - INFO - ====================
2021-01-26 16:57:53,357 - INFO - ********************
2021-01-26 16:57:53,357 - INFO - Soft OOF prediction for fold3
2021-01-26 16:57:53,357 - INFO - ********************
2021-01-26 16:58:27,247 - INFO - ********************
2021-01-26 16:58:27,247 - INFO - Soft prediction for test
2021-01-26 16:58:27,247 - INFO - ********************
2021-01-26 17:04:19,194 - INFO - ********************
2021-01-26 17:04:19,195 - INFO - OOF prediction for fold3
2021-01-26 17:04:19,195 - INFO - ********************
2021-01-26 17:04:30,549 - INFO - ********************
2021-01-26 17:04:30,549 - INFO - Prediction on test for fold3
2021-01-26 17:04:30,549 - INFO - ********************
2021-01-26 17:11:24,814 - INFO - ====================
2021-01-26 17:11:24,814 - INFO - Fold 4
2021-01-26 17:11:24,814 - INFO - ====================
2021-01-26 17:11:25,325 - INFO - ********************
2021-01-26 17:11:25,325 - INFO - Soft OOF prediction for fold4
2021-01-26 17:11:25,325 - INFO - ********************
2021-01-26 17:12:00,518 - INFO - ********************
2021-01-26 17:12:00,518 - INFO - Soft prediction for test
2021-01-26 17:12:00,518 - INFO - ********************
2021-01-26 17:17:49,167 - INFO - ********************
2021-01-26 17:17:49,167 - INFO - OOF prediction for fold4
2021-01-26 17:17:49,167 - INFO - ********************
2021-01-26 17:18:00,847 - INFO - ********************
2021-01-26 17:18:00,847 - INFO - Prediction on test for fold4
2021-01-26 17:18:00,847 - INFO - ********************
2021-01-26 17:24:50,406 - INFO - Valid LWLRAP: 0.86245
