2021-02-01 07:10:43,885 - INFO - logger set up
2021-02-01 07:10:44,205 - INFO - Note: NumExpr detected 20 cores but "NUMEXPR_MAX_THREADS" not set, so enforcing safe limit of 8.
2021-02-01 07:10:44,206 - INFO - NumExpr defaulting to 8 threads.
2021-02-01 07:10:46,740 - INFO - ====================
2021-02-01 07:10:46,740 - INFO - Fold 0
2021-02-01 07:10:46,740 - INFO - ====================
2021-02-01 07:10:48,710 - INFO - ********************
2021-02-01 07:10:48,710 - INFO - OOF prediction for fold0
2021-02-01 07:10:48,710 - INFO - ********************
2021-02-01 07:11:04,672 - INFO - ********************
2021-02-01 07:11:04,672 - INFO - Prediction on test for fold0
2021-02-01 07:11:04,672 - INFO - ********************
2021-02-01 07:18:55,235 - INFO - ====================
2021-02-01 07:18:55,235 - INFO - Fold 1
2021-02-01 07:18:55,235 - INFO - ====================
2021-02-01 07:18:55,676 - INFO - ********************
2021-02-01 07:18:55,676 - INFO - OOF prediction for fold1
2021-02-01 07:18:55,676 - INFO - ********************
2021-02-01 07:19:09,882 - INFO - ********************
2021-02-01 07:19:09,883 - INFO - Prediction on test for fold1
2021-02-01 07:19:09,883 - INFO - ********************
2021-02-01 07:27:01,274 - INFO - ====================
2021-02-01 07:27:01,274 - INFO - Fold 2
2021-02-01 07:27:01,274 - INFO - ====================
2021-02-01 07:27:01,718 - INFO - ********************
2021-02-01 07:27:01,719 - INFO - OOF prediction for fold2
2021-02-01 07:27:01,719 - INFO - ********************
2021-02-01 07:27:16,223 - INFO - ********************
2021-02-01 07:27:16,223 - INFO - Prediction on test for fold2
2021-02-01 07:27:16,223 - INFO - ********************
2021-02-01 07:35:12,154 - INFO - ====================
2021-02-01 07:35:12,154 - INFO - Fold 3
2021-02-01 07:35:12,154 - INFO - ====================
2021-02-01 07:35:12,592 - INFO - ********************
2021-02-01 07:35:12,593 - INFO - OOF prediction for fold3
2021-02-01 07:35:12,593 - INFO - ********************
2021-02-01 07:35:24,853 - INFO - ********************
2021-02-01 07:35:24,853 - INFO - Prediction on test for fold3
2021-02-01 07:35:24,853 - INFO - ********************
2021-02-01 07:43:14,179 - INFO - ====================
2021-02-01 07:43:14,179 - INFO - Fold 4
2021-02-01 07:43:14,179 - INFO - ====================
2021-02-01 07:43:14,625 - INFO - ********************
2021-02-01 07:43:14,625 - INFO - OOF prediction for fold4
2021-02-01 07:43:14,625 - INFO - ********************
2021-02-01 07:43:27,611 - INFO - ********************
2021-02-01 07:43:27,612 - INFO - Prediction on test for fold4
2021-02-01 07:43:27,612 - INFO - ********************
2021-02-01 07:51:16,876 - INFO - Valid LWLRAP: 0.87965
