2021-01-31 10:45:01,515 - INFO - logger set up
2021-01-31 10:45:01,831 - INFO - Note: NumExpr detected 20 cores but "NUMEXPR_MAX_THREADS" not set, so enforcing safe limit of 8.
2021-01-31 10:45:01,831 - INFO - NumExpr defaulting to 8 threads.
2021-01-31 10:45:04,375 - INFO - ====================
2021-01-31 10:45:04,375 - INFO - Fold 0
2021-01-31 10:45:04,375 - INFO - ====================
2021-01-31 10:45:06,325 - INFO - ********************
2021-01-31 10:45:06,325 - INFO - Soft OOF prediction for fold0
2021-01-31 10:45:06,325 - INFO - ********************
2021-01-31 10:46:05,998 - INFO - ********************
2021-01-31 10:46:05,998 - INFO - Soft prediction for test
2021-01-31 10:46:05,998 - INFO - ********************
2021-01-31 10:53:58,965 - INFO - ********************
2021-01-31 10:53:58,965 - INFO - OOF prediction for fold0
2021-01-31 10:53:58,965 - INFO - ********************
2021-01-31 10:54:15,397 - INFO - ********************
2021-01-31 10:54:15,397 - INFO - Prediction on test for fold0
2021-01-31 10:54:15,397 - INFO - ********************
2021-01-31 11:02:06,805 - INFO - ====================
2021-01-31 11:02:06,805 - INFO - Fold 1
2021-01-31 11:02:06,805 - INFO - ====================
2021-01-31 11:02:07,256 - INFO - ********************
2021-01-31 11:02:07,256 - INFO - Soft OOF prediction for fold1
2021-01-31 11:02:07,256 - INFO - ********************
2021-01-31 11:03:02,132 - INFO - ********************
2021-01-31 11:03:02,132 - INFO - Soft prediction for test
2021-01-31 11:03:02,132 - INFO - ********************
2021-01-31 11:10:52,683 - INFO - ********************
2021-01-31 11:10:52,683 - INFO - OOF prediction for fold1
2021-01-31 11:10:52,683 - INFO - ********************
2021-01-31 11:11:07,132 - INFO - ********************
2021-01-31 11:11:07,132 - INFO - Prediction on test for fold1
2021-01-31 11:11:07,132 - INFO - ********************
2021-01-31 11:18:56,652 - INFO - ====================
2021-01-31 11:18:56,652 - INFO - Fold 2
2021-01-31 11:18:56,652 - INFO - ====================
2021-01-31 11:18:57,100 - INFO - ********************
2021-01-31 11:18:57,100 - INFO - Soft OOF prediction for fold2
2021-01-31 11:18:57,100 - INFO - ********************
2021-01-31 11:19:53,771 - INFO - ********************
2021-01-31 11:19:53,771 - INFO - Soft prediction for test
2021-01-31 11:19:53,771 - INFO - ********************
2021-01-31 11:27:46,709 - INFO - ********************
2021-01-31 11:27:46,709 - INFO - OOF prediction for fold2
2021-01-31 11:27:46,709 - INFO - ********************
2021-01-31 11:28:01,520 - INFO - ********************
2021-01-31 11:28:01,520 - INFO - Prediction on test for fold2
2021-01-31 11:28:01,520 - INFO - ********************
2021-01-31 11:35:53,300 - INFO - ====================
2021-01-31 11:35:53,300 - INFO - Fold 3
2021-01-31 11:35:53,300 - INFO - ====================
2021-01-31 11:35:53,748 - INFO - ********************
2021-01-31 11:35:53,748 - INFO - Soft OOF prediction for fold3
2021-01-31 11:35:53,748 - INFO - ********************
2021-01-31 11:36:38,380 - INFO - ********************
2021-01-31 11:36:38,380 - INFO - Soft prediction for test
2021-01-31 11:36:38,380 - INFO - ********************
2021-01-31 11:44:29,110 - INFO - ********************
2021-01-31 11:44:29,110 - INFO - OOF prediction for fold3
2021-01-31 11:44:29,110 - INFO - ********************
2021-01-31 11:44:41,478 - INFO - ********************
2021-01-31 11:44:41,479 - INFO - Prediction on test for fold3
2021-01-31 11:44:41,479 - INFO - ********************
2021-01-31 11:52:37,778 - INFO - ====================
2021-01-31 11:52:37,778 - INFO - Fold 4
2021-01-31 11:52:37,778 - INFO - ====================
2021-01-31 11:52:38,292 - INFO - ********************
2021-01-31 11:52:38,292 - INFO - Soft OOF prediction for fold4
2021-01-31 11:52:38,292 - INFO - ********************
2021-01-31 11:53:25,211 - INFO - ********************
2021-01-31 11:53:25,211 - INFO - Soft prediction for test
2021-01-31 11:53:25,211 - INFO - ********************
2021-01-31 12:01:17,928 - INFO - ********************
2021-01-31 12:01:17,928 - INFO - OOF prediction for fold4
2021-01-31 12:01:17,928 - INFO - ********************
2021-01-31 12:01:30,944 - INFO - ********************
2021-01-31 12:01:30,944 - INFO - Prediction on test for fold4
2021-01-31 12:01:30,944 - INFO - ********************
2021-01-31 12:09:25,292 - INFO - Valid LWLRAP: 0.87424
