2020-12-13 17:19:55,085 - INFO - logger set up
2020-12-13 17:19:55,407 - INFO - Note: NumExpr detected 20 cores but "NUMEXPR_MAX_THREADS" not set, so enforcing safe limit of 8.
2020-12-13 17:19:55,407 - INFO - NumExpr defaulting to 8 threads.
2020-12-13 17:19:55,653 - INFO - ====================
2020-12-13 17:19:55,653 - INFO - Fold 0
2020-12-13 17:19:55,653 - INFO - ====================
2020-12-13 17:19:57,644 - INFO - ********************
2020-12-13 17:19:57,645 - INFO - OOF prediction for fold0
2020-12-13 17:19:57,645 - INFO - ********************
2020-12-13 17:20:40,457 - INFO - ********************
2020-12-13 17:20:40,457 - INFO - Prediction on test for fold0
2020-12-13 17:20:40,457 - INFO - ********************
2020-12-13 17:27:04,706 - INFO - ====================
2020-12-13 17:27:04,706 - INFO - Fold 1
2020-12-13 17:27:04,706 - INFO - ====================
2020-12-13 17:27:05,145 - INFO - ********************
2020-12-13 17:27:05,145 - INFO - OOF prediction for fold1
2020-12-13 17:27:05,145 - INFO - ********************
2020-12-13 17:27:54,737 - INFO - ********************
2020-12-13 17:27:54,737 - INFO - Prediction on test for fold1
2020-12-13 17:27:54,738 - INFO - ********************
2020-12-13 17:34:17,822 - INFO - ====================
2020-12-13 17:34:17,822 - INFO - Fold 2
2020-12-13 17:34:17,822 - INFO - ====================
2020-12-13 17:34:18,264 - INFO - ********************
2020-12-13 17:34:18,264 - INFO - OOF prediction for fold2
2020-12-13 17:34:18,264 - INFO - ********************
2020-12-13 17:35:04,883 - INFO - ********************
2020-12-13 17:35:04,884 - INFO - Prediction on test for fold2
2020-12-13 17:35:04,884 - INFO - ********************
2020-12-13 17:41:26,426 - INFO - ====================
2020-12-13 17:41:26,426 - INFO - Fold 3
2020-12-13 17:41:26,426 - INFO - ====================
2020-12-13 17:41:26,863 - INFO - ********************
2020-12-13 17:41:26,863 - INFO - OOF prediction for fold3
2020-12-13 17:41:26,863 - INFO - ********************
2020-12-13 17:42:10,926 - INFO - ********************
2020-12-13 17:42:10,926 - INFO - Prediction on test for fold3
2020-12-13 17:42:10,926 - INFO - ********************
2020-12-13 17:48:32,173 - INFO - ====================
2020-12-13 17:48:32,173 - INFO - Fold 4
2020-12-13 17:48:32,173 - INFO - ====================
2020-12-13 17:48:32,615 - INFO - ********************
2020-12-13 17:48:32,615 - INFO - OOF prediction for fold4
2020-12-13 17:48:32,615 - INFO - ********************
2020-12-13 17:49:18,351 - INFO - ********************
2020-12-13 17:49:18,351 - INFO - Prediction on test for fold4
2020-12-13 17:49:18,351 - INFO - ********************
2020-12-13 17:55:42,511 - INFO - Valid LWLRAP: 0.80280
