2021-02-02 13:56:10,173 - INFO - logger set up
2021-02-02 13:56:13,026 - INFO - ====================
2021-02-02 13:56:13,026 - INFO - Fold 0
2021-02-02 13:56:13,026 - INFO - ====================
2021-02-02 13:56:14,730 - INFO - ********************
2021-02-02 13:56:14,730 - INFO - OOF prediction for fold0
2021-02-02 13:56:14,730 - INFO - ********************
2021-02-02 13:56:29,900 - INFO - ********************
2021-02-02 13:56:29,900 - INFO - Prediction on test for fold0
2021-02-02 13:56:29,900 - INFO - ********************
2021-02-02 14:04:19,038 - INFO - ====================
2021-02-02 14:04:19,038 - INFO - Fold 1
2021-02-02 14:04:19,038 - INFO - ====================
2021-02-02 14:04:19,215 - INFO - ********************
2021-02-02 14:04:19,215 - INFO - OOF prediction for fold1
2021-02-02 14:04:19,215 - INFO - ********************
2021-02-02 14:04:32,951 - INFO - ********************
2021-02-02 14:04:32,951 - INFO - Prediction on test for fold1
2021-02-02 14:04:32,951 - INFO - ********************
2021-02-02 14:12:25,425 - INFO - ====================
2021-02-02 14:12:25,425 - INFO - Fold 2
2021-02-02 14:12:25,425 - INFO - ====================
2021-02-02 14:12:25,595 - INFO - ********************
2021-02-02 14:12:25,595 - INFO - OOF prediction for fold2
2021-02-02 14:12:25,596 - INFO - ********************
2021-02-02 14:12:39,953 - INFO - ********************
2021-02-02 14:12:39,953 - INFO - Prediction on test for fold2
2021-02-02 14:12:39,953 - INFO - ********************
2021-02-02 14:20:30,517 - INFO - ====================
2021-02-02 14:20:30,517 - INFO - Fold 3
2021-02-02 14:20:30,517 - INFO - ====================
2021-02-02 14:20:30,692 - INFO - ********************
2021-02-02 14:20:30,692 - INFO - OOF prediction for fold3
2021-02-02 14:20:30,692 - INFO - ********************
2021-02-02 14:20:42,568 - INFO - ********************
2021-02-02 14:20:42,568 - INFO - Prediction on test for fold3
2021-02-02 14:20:42,568 - INFO - ********************
2021-02-02 14:28:32,633 - INFO - ====================
2021-02-02 14:28:32,633 - INFO - Fold 4
2021-02-02 14:28:32,633 - INFO - ====================
2021-02-02 14:28:32,805 - INFO - ********************
2021-02-02 14:28:32,806 - INFO - OOF prediction for fold4
2021-02-02 14:28:32,806 - INFO - ********************
2021-02-02 14:28:45,393 - INFO - ********************
2021-02-02 14:28:45,393 - INFO - Prediction on test for fold4
2021-02-02 14:28:45,394 - INFO - ********************
2021-02-02 14:36:34,379 - INFO - Valid LWLRAP: 0.88020
