2021-01-20 21:09:19,526 - INFO - logger set up
2021-01-20 21:09:19,847 - INFO - Note: NumExpr detected 20 cores but "NUMEXPR_MAX_THREADS" not set, so enforcing safe limit of 8.
2021-01-20 21:09:19,847 - INFO - NumExpr defaulting to 8 threads.
2021-01-20 21:09:22,382 - INFO - ====================
2021-01-20 21:09:22,382 - INFO - Fold 0
2021-01-20 21:09:22,382 - INFO - ====================
2021-01-20 21:09:24,212 - INFO - ********************
2021-01-20 21:09:24,212 - INFO - OOF prediction for fold0
2021-01-20 21:09:24,212 - INFO - ********************
2021-01-20 21:09:35,625 - INFO - ********************
2021-01-20 21:09:35,625 - INFO - Prediction on test for fold0
2021-01-20 21:09:35,625 - INFO - ********************
2021-01-20 21:14:36,090 - INFO - ====================
2021-01-20 21:14:36,090 - INFO - Fold 1
2021-01-20 21:14:36,090 - INFO - ====================
2021-01-20 21:14:36,386 - INFO - ********************
2021-01-20 21:14:36,386 - INFO - OOF prediction for fold1
2021-01-20 21:14:36,386 - INFO - ********************
2021-01-20 21:14:46,733 - INFO - ********************
2021-01-20 21:14:46,733 - INFO - Prediction on test for fold1
2021-01-20 21:14:46,733 - INFO - ********************
2021-01-20 21:19:46,151 - INFO - ====================
2021-01-20 21:19:46,151 - INFO - Fold 2
2021-01-20 21:19:46,151 - INFO - ====================
2021-01-20 21:19:46,441 - INFO - ********************
2021-01-20 21:19:46,441 - INFO - OOF prediction for fold2
2021-01-20 21:19:46,441 - INFO - ********************
2021-01-20 21:19:56,485 - INFO - ********************
2021-01-20 21:19:56,485 - INFO - Prediction on test for fold2
2021-01-20 21:19:56,485 - INFO - ********************
2021-01-20 21:24:58,834 - INFO - ====================
2021-01-20 21:24:58,834 - INFO - Fold 3
2021-01-20 21:24:58,834 - INFO - ====================
2021-01-20 21:24:59,123 - INFO - ********************
2021-01-20 21:24:59,124 - INFO - OOF prediction for fold3
2021-01-20 21:24:59,124 - INFO - ********************
2021-01-20 21:25:07,417 - INFO - ********************
2021-01-20 21:25:07,418 - INFO - Prediction on test for fold3
2021-01-20 21:25:07,418 - INFO - ********************
2021-01-20 21:30:06,219 - INFO - ====================
2021-01-20 21:30:06,219 - INFO - Fold 4
2021-01-20 21:30:06,219 - INFO - ====================
2021-01-20 21:30:06,516 - INFO - ********************
2021-01-20 21:30:06,516 - INFO - OOF prediction for fold4
2021-01-20 21:30:06,516 - INFO - ********************
2021-01-20 21:30:16,019 - INFO - ********************
2021-01-20 21:30:16,020 - INFO - Prediction on test for fold4
2021-01-20 21:30:16,020 - INFO - ********************
2021-01-20 21:35:15,753 - INFO - Valid LWLRAP: 0.87353
