2021-01-31 00:51:00,471 - INFO - logger set up
2021-01-31 00:51:00,782 - INFO - Note: NumExpr detected 20 cores but "NUMEXPR_MAX_THREADS" not set, so enforcing safe limit of 8.
2021-01-31 00:51:00,782 - INFO - NumExpr defaulting to 8 threads.
2021-01-31 00:51:03,328 - INFO - ====================
2021-01-31 00:51:03,328 - INFO - Fold 0
2021-01-31 00:51:03,328 - INFO - ====================
2021-01-31 00:51:05,291 - INFO - ********************
2021-01-31 00:51:05,291 - INFO - Soft OOF prediction for fold0
2021-01-31 00:51:05,291 - INFO - ********************
2021-01-31 00:51:38,404 - INFO - logger set up
2021-01-31 00:51:38,728 - INFO - Note: NumExpr detected 20 cores but "NUMEXPR_MAX_THREADS" not set, so enforcing safe limit of 8.
2021-01-31 00:51:38,728 - INFO - NumExpr defaulting to 8 threads.
2021-01-31 00:51:41,292 - INFO - ====================
2021-01-31 00:51:41,292 - INFO - Fold 0
2021-01-31 00:51:41,292 - INFO - ====================
2021-01-31 00:51:43,249 - INFO - ********************
2021-01-31 00:51:43,249 - INFO - OOF prediction for fold0
2021-01-31 00:51:43,249 - INFO - ********************
2021-01-31 00:51:57,097 - INFO - ********************
2021-01-31 00:51:57,097 - INFO - Prediction on test for fold0
2021-01-31 00:51:57,097 - INFO - ********************
2021-01-31 00:58:47,853 - INFO - ====================
2021-01-31 00:58:47,853 - INFO - Fold 1
2021-01-31 00:58:47,853 - INFO - ====================
2021-01-31 00:58:48,300 - INFO - ********************
2021-01-31 00:58:48,300 - INFO - OOF prediction for fold1
2021-01-31 00:58:48,300 - INFO - ********************
2021-01-31 00:59:00,895 - INFO - ********************
2021-01-31 00:59:00,895 - INFO - Prediction on test for fold1
2021-01-31 00:59:00,895 - INFO - ********************
2021-01-31 01:05:49,562 - INFO - ====================
2021-01-31 01:05:49,562 - INFO - Fold 2
2021-01-31 01:05:49,562 - INFO - ====================
2021-01-31 01:05:50,006 - INFO - ********************
2021-01-31 01:05:50,006 - INFO - OOF prediction for fold2
2021-01-31 01:05:50,006 - INFO - ********************
2021-01-31 01:06:03,466 - INFO - ********************
2021-01-31 01:06:03,466 - INFO - Prediction on test for fold2
2021-01-31 01:06:03,466 - INFO - ********************
2021-01-31 01:12:56,093 - INFO - ====================
2021-01-31 01:12:56,093 - INFO - Fold 3
2021-01-31 01:12:56,093 - INFO - ====================
2021-01-31 01:12:56,536 - INFO - ********************
2021-01-31 01:12:56,536 - INFO - OOF prediction for fold3
2021-01-31 01:12:56,536 - INFO - ********************
2021-01-31 01:13:07,863 - INFO - ********************
2021-01-31 01:13:07,863 - INFO - Prediction on test for fold3
2021-01-31 01:13:07,863 - INFO - ********************
2021-01-31 01:19:58,368 - INFO - ====================
2021-01-31 01:19:58,368 - INFO - Fold 4
2021-01-31 01:19:58,368 - INFO - ====================
2021-01-31 01:19:58,807 - INFO - ********************
2021-01-31 01:19:58,807 - INFO - OOF prediction for fold4
2021-01-31 01:19:58,807 - INFO - ********************
2021-01-31 01:20:10,477 - INFO - ********************
2021-01-31 01:20:10,477 - INFO - Prediction on test for fold4
2021-01-31 01:20:10,477 - INFO - ********************
2021-01-31 01:27:00,657 - INFO - Valid LWLRAP: 0.88014
