2021-01-18 21:19:38,735 - INFO - logger set up
2021-01-18 21:19:39,063 - INFO - Note: NumExpr detected 20 cores but "NUMEXPR_MAX_THREADS" not set, so enforcing safe limit of 8.
2021-01-18 21:19:39,063 - INFO - NumExpr defaulting to 8 threads.
2021-01-18 21:19:41,573 - INFO - ====================
2021-01-18 21:19:41,573 - INFO - Fold 0
2021-01-18 21:19:41,573 - INFO - ====================
2021-01-18 21:19:43,408 - INFO - ********************
2021-01-18 21:19:43,408 - INFO - OOF prediction for fold0
2021-01-18 21:19:43,408 - INFO - ********************
2021-01-18 21:19:58,908 - INFO - ********************
2021-01-18 21:19:58,908 - INFO - Prediction on test for fold0
2021-01-18 21:19:58,908 - INFO - ********************
2021-01-18 21:27:46,968 - INFO - ====================
2021-01-18 21:27:46,968 - INFO - Fold 1
2021-01-18 21:27:46,968 - INFO - ====================
2021-01-18 21:27:47,256 - INFO - ********************
2021-01-18 21:27:47,256 - INFO - OOF prediction for fold1
2021-01-18 21:27:47,256 - INFO - ********************
2021-01-18 21:28:01,741 - INFO - ********************
2021-01-18 21:28:01,741 - INFO - Prediction on test for fold1
2021-01-18 21:28:01,741 - INFO - ********************
2021-01-18 21:35:49,442 - INFO - ====================
2021-01-18 21:35:49,442 - INFO - Fold 2
2021-01-18 21:35:49,442 - INFO - ====================
2021-01-18 21:35:49,728 - INFO - ********************
2021-01-18 21:35:49,728 - INFO - OOF prediction for fold2
2021-01-18 21:35:49,728 - INFO - ********************
2021-01-18 21:36:04,352 - INFO - ********************
2021-01-18 21:36:04,352 - INFO - Prediction on test for fold2
2021-01-18 21:36:04,352 - INFO - ********************
2021-01-18 21:43:51,654 - INFO - ====================
2021-01-18 21:43:51,654 - INFO - Fold 3
2021-01-18 21:43:51,654 - INFO - ====================
2021-01-18 21:43:51,942 - INFO - ********************
2021-01-18 21:43:51,943 - INFO - OOF prediction for fold3
2021-01-18 21:43:51,943 - INFO - ********************
2021-01-18 21:44:03,866 - INFO - ********************
2021-01-18 21:44:03,866 - INFO - Prediction on test for fold3
2021-01-18 21:44:03,866 - INFO - ********************
2021-01-18 21:51:49,354 - INFO - ====================
2021-01-18 21:51:49,354 - INFO - Fold 4
2021-01-18 21:51:49,354 - INFO - ====================
2021-01-18 21:51:49,644 - INFO - ********************
2021-01-18 21:51:49,645 - INFO - OOF prediction for fold4
2021-01-18 21:51:49,645 - INFO - ********************
2021-01-18 21:52:02,062 - INFO - ********************
2021-01-18 21:52:02,062 - INFO - Prediction on test for fold4
2021-01-18 21:52:02,062 - INFO - ********************
2021-01-18 21:59:51,058 - INFO - Valid LWLRAP: 0.87503
