2021-01-29 15:09:11,128 - INFO - logger set up
2021-01-29 15:09:11,448 - INFO - Note: NumExpr detected 20 cores but "NUMEXPR_MAX_THREADS" not set, so enforcing safe limit of 8.
2021-01-29 15:09:11,448 - INFO - NumExpr defaulting to 8 threads.
2021-01-29 15:09:13,978 - INFO - ====================
2021-01-29 15:09:13,979 - INFO - Fold 0
2021-01-29 15:09:13,979 - INFO - ====================
2021-01-29 15:09:15,962 - INFO - ********************
2021-01-29 15:09:15,962 - INFO - Soft OOF prediction for fold0
2021-01-29 15:09:15,962 - INFO - ********************
2021-01-29 15:09:59,712 - INFO - ********************
2021-01-29 15:09:59,712 - INFO - Soft prediction for test
2021-01-29 15:09:59,712 - INFO - ********************
2021-01-29 15:15:45,782 - INFO - ********************
2021-01-29 15:15:45,783 - INFO - OOF prediction for fold0
2021-01-29 15:15:45,783 - INFO - ********************
2021-01-29 15:16:00,539 - INFO - ********************
2021-01-29 15:16:00,539 - INFO - Prediction on test for fold0
2021-01-29 15:16:00,539 - INFO - ********************
2021-01-29 15:22:51,423 - INFO - ====================
2021-01-29 15:22:51,423 - INFO - Fold 1
2021-01-29 15:22:51,423 - INFO - ====================
2021-01-29 15:22:51,885 - INFO - ********************
2021-01-29 15:22:51,885 - INFO - Soft OOF prediction for fold1
2021-01-29 15:22:51,886 - INFO - ********************
2021-01-29 15:23:32,547 - INFO - ********************
2021-01-29 15:23:32,547 - INFO - Soft prediction for test
2021-01-29 15:23:32,547 - INFO - ********************
2021-01-29 15:29:26,123 - INFO - ********************
2021-01-29 15:29:26,123 - INFO - OOF prediction for fold1
2021-01-29 15:29:26,123 - INFO - ********************
2021-01-29 15:29:39,428 - INFO - ********************
2021-01-29 15:29:39,428 - INFO - Prediction on test for fold1
2021-01-29 15:29:39,428 - INFO - ********************
2021-01-29 15:36:32,308 - INFO - ====================
2021-01-29 15:36:32,308 - INFO - Fold 2
2021-01-29 15:36:32,308 - INFO - ====================
2021-01-29 15:36:32,775 - INFO - ********************
2021-01-29 15:36:32,775 - INFO - Soft OOF prediction for fold2
2021-01-29 15:36:32,775 - INFO - ********************
2021-01-29 15:37:14,740 - INFO - ********************
2021-01-29 15:37:14,740 - INFO - Soft prediction for test
2021-01-29 15:37:14,740 - INFO - ********************
2021-01-29 15:43:04,668 - INFO - ********************
2021-01-29 15:43:04,668 - INFO - OOF prediction for fold2
2021-01-29 15:43:04,668 - INFO - ********************
2021-01-29 15:43:18,095 - INFO - ********************
2021-01-29 15:43:18,095 - INFO - Prediction on test for fold2
2021-01-29 15:43:18,096 - INFO - ********************
2021-01-29 15:50:08,129 - INFO - ====================
2021-01-29 15:50:08,129 - INFO - Fold 3
2021-01-29 15:50:08,129 - INFO - ====================
2021-01-29 15:50:08,579 - INFO - ********************
2021-01-29 15:50:08,579 - INFO - Soft OOF prediction for fold3
2021-01-29 15:50:08,579 - INFO - ********************
2021-01-29 15:50:40,972 - INFO - ********************
2021-01-29 15:50:40,972 - INFO - Soft prediction for test
2021-01-29 15:50:40,972 - INFO - ********************
2021-01-29 15:56:28,879 - INFO - ********************
2021-01-29 15:56:28,879 - INFO - OOF prediction for fold3
2021-01-29 15:56:28,879 - INFO - ********************
2021-01-29 15:56:40,296 - INFO - ********************
2021-01-29 15:56:40,296 - INFO - Prediction on test for fold3
2021-01-29 15:56:40,296 - INFO - ********************
2021-01-29 16:03:33,355 - INFO - ====================
2021-01-29 16:03:33,356 - INFO - Fold 4
2021-01-29 16:03:33,356 - INFO - ====================
2021-01-29 16:03:33,872 - INFO - ********************
2021-01-29 16:03:33,872 - INFO - Soft OOF prediction for fold4
2021-01-29 16:03:33,872 - INFO - ********************
2021-01-29 16:04:08,687 - INFO - ********************
2021-01-29 16:04:08,687 - INFO - Soft prediction for test
2021-01-29 16:04:08,687 - INFO - ********************
2021-01-29 16:09:56,216 - INFO - ********************
2021-01-29 16:09:56,216 - INFO - OOF prediction for fold4
2021-01-29 16:09:56,216 - INFO - ********************
2021-01-29 16:10:07,845 - INFO - ********************
2021-01-29 16:10:07,845 - INFO - Prediction on test for fold4
2021-01-29 16:10:07,846 - INFO - ********************
2021-01-29 16:16:58,037 - INFO - Valid LWLRAP: 0.88389
