2020-11-30 01:12:29,730 - INFO - logger set up
2020-11-30 01:12:29,989 - INFO - Note: NumExpr detected 20 cores but "NUMEXPR_MAX_THREADS" not set, so enforcing safe limit of 8.
2020-11-30 01:12:29,989 - INFO - NumExpr defaulting to 8 threads.
2020-11-30 01:12:30,234 - INFO - ====================
2020-11-30 01:12:30,234 - INFO - Fold 0
2020-11-30 01:12:30,234 - INFO - ====================
2020-11-30 01:12:32,211 - INFO - ********************
2020-11-30 01:12:32,211 - INFO - OOF prediction for fold0
2020-11-30 01:12:32,211 - INFO - ********************
2020-11-30 01:12:49,676 - INFO - ********************
2020-11-30 01:12:49,676 - INFO - Prediction on test for fold0
2020-11-30 01:12:49,676 - INFO - ********************
2020-11-30 06:42:09,233 - INFO - logger set up
2020-11-30 06:42:09,485 - INFO - Note: NumExpr detected 20 cores but "NUMEXPR_MAX_THREADS" not set, so enforcing safe limit of 8.
2020-11-30 06:42:09,486 - INFO - NumExpr defaulting to 8 threads.
2020-11-30 06:42:09,727 - INFO - ====================
2020-11-30 06:42:09,727 - INFO - Fold 0
2020-11-30 06:42:09,727 - INFO - ====================
2020-11-30 06:42:11,723 - INFO - ********************
2020-11-30 06:42:11,723 - INFO - OOF prediction for fold0
2020-11-30 06:42:11,723 - INFO - ********************
2020-11-30 06:42:29,565 - INFO - ********************
2020-11-30 06:42:29,565 - INFO - Prediction on test for fold0
2020-11-30 06:42:29,565 - INFO - ********************
