2021-02-02 06:40:34,664 - INFO - logger set up
2021-02-02 06:40:34,977 - INFO - Note: NumExpr detected 20 cores but "NUMEXPR_MAX_THREADS" not set, so enforcing safe limit of 8.
2021-02-02 06:40:34,977 - INFO - NumExpr defaulting to 8 threads.
2021-02-02 06:40:37,508 - INFO - ====================
2021-02-02 06:40:37,509 - INFO - Fold 0
2021-02-02 06:40:37,509 - INFO - ====================
2021-02-02 06:40:39,482 - INFO - ********************
2021-02-02 06:40:39,482 - INFO - OOF prediction for fold0
2021-02-02 06:40:39,482 - INFO - ********************
2021-02-02 06:40:55,210 - INFO - ********************
2021-02-02 06:40:55,210 - INFO - Prediction on test for fold0
2021-02-02 06:40:55,210 - INFO - ********************
2021-02-02 06:48:49,964 - INFO - ====================
2021-02-02 06:48:49,964 - INFO - Fold 1
2021-02-02 06:48:49,964 - INFO - ====================
2021-02-02 06:48:50,407 - INFO - ********************
2021-02-02 06:48:50,407 - INFO - OOF prediction for fold1
2021-02-02 06:48:50,407 - INFO - ********************
2021-02-02 06:49:04,704 - INFO - ********************
2021-02-02 06:49:04,705 - INFO - Prediction on test for fold1
2021-02-02 06:49:04,705 - INFO - ********************
2021-02-02 06:56:51,232 - INFO - ====================
2021-02-02 06:56:51,232 - INFO - Fold 2
2021-02-02 06:56:51,232 - INFO - ====================
2021-02-02 06:56:51,661 - INFO - ********************
2021-02-02 06:56:51,662 - INFO - OOF prediction for fold2
2021-02-02 06:56:51,662 - INFO - ********************
2021-02-02 06:57:06,361 - INFO - ********************
2021-02-02 06:57:06,361 - INFO - Prediction on test for fold2
2021-02-02 06:57:06,361 - INFO - ********************
2021-02-02 07:04:53,966 - INFO - ====================
2021-02-02 07:04:53,966 - INFO - Fold 3
2021-02-02 07:04:53,966 - INFO - ====================
2021-02-02 07:04:54,400 - INFO - ********************
2021-02-02 07:04:54,401 - INFO - OOF prediction for fold3
2021-02-02 07:04:54,401 - INFO - ********************
2021-02-02 07:05:06,192 - INFO - ********************
2021-02-02 07:05:06,192 - INFO - Prediction on test for fold3
2021-02-02 07:05:06,192 - INFO - ********************
2021-02-02 07:12:59,287 - INFO - ====================
2021-02-02 07:12:59,287 - INFO - Fold 4
2021-02-02 07:12:59,287 - INFO - ====================
2021-02-02 07:12:59,721 - INFO - ********************
2021-02-02 07:12:59,721 - INFO - OOF prediction for fold4
2021-02-02 07:12:59,721 - INFO - ********************
2021-02-02 07:13:12,712 - INFO - ********************
2021-02-02 07:13:12,712 - INFO - Prediction on test for fold4
2021-02-02 07:13:12,712 - INFO - ********************
2021-02-02 07:21:04,670 - INFO - Valid LWLRAP: 0.86884
