2021-02-08 08:23:16,620 - INFO - logger set up
2021-02-08 08:23:24,181 - INFO - ====================
2021-02-08 08:23:24,181 - INFO - Fold 0
2021-02-08 08:23:24,181 - INFO - ====================
2021-02-08 08:23:29,858 - INFO - ********************
2021-02-08 08:23:29,858 - INFO - OOF prediction for fold0
2021-02-08 08:23:29,858 - INFO - ********************
2021-02-08 08:23:40,299 - INFO - ********************
2021-02-08 08:23:40,299 - INFO - Prediction on test for fold0
2021-02-08 08:23:40,300 - INFO - ********************
2021-02-08 08:26:53,063 - INFO - ====================
2021-02-08 08:26:53,064 - INFO - Fold 1
2021-02-08 08:26:53,064 - INFO - ====================
2021-02-08 08:26:54,066 - INFO - ********************
2021-02-08 08:26:54,067 - INFO - OOF prediction for fold1
2021-02-08 08:26:54,067 - INFO - ********************
2021-02-08 08:27:05,638 - INFO - ********************
2021-02-08 08:27:05,638 - INFO - Prediction on test for fold1
2021-02-08 08:27:05,638 - INFO - ********************
2021-02-08 08:30:18,221 - INFO - ====================
2021-02-08 08:30:18,221 - INFO - Fold 2
2021-02-08 08:30:18,222 - INFO - ====================
2021-02-08 08:30:19,656 - INFO - ********************
2021-02-08 08:30:19,657 - INFO - OOF prediction for fold2
2021-02-08 08:30:19,658 - INFO - ********************
2021-02-08 08:30:32,749 - INFO - ********************
2021-02-08 08:30:32,749 - INFO - Prediction on test for fold2
2021-02-08 08:30:32,749 - INFO - ********************
2021-02-08 08:33:44,857 - INFO - ====================
2021-02-08 08:33:44,857 - INFO - Fold 3
2021-02-08 08:33:44,857 - INFO - ====================
2021-02-08 08:33:46,627 - INFO - ********************
2021-02-08 08:33:46,627 - INFO - OOF prediction for fold3
2021-02-08 08:33:46,627 - INFO - ********************
2021-02-08 08:33:58,130 - INFO - ********************
2021-02-08 08:33:58,131 - INFO - Prediction on test for fold3
2021-02-08 08:33:58,131 - INFO - ********************
2021-02-08 08:37:10,235 - INFO - ====================
2021-02-08 08:37:10,235 - INFO - Fold 4
2021-02-08 08:37:10,235 - INFO - ====================
2021-02-08 08:37:10,904 - INFO - ********************
2021-02-08 08:37:10,904 - INFO - OOF prediction for fold4
2021-02-08 08:37:10,904 - INFO - ********************
2021-02-08 08:37:18,489 - INFO - ********************
2021-02-08 08:37:18,489 - INFO - Prediction on test for fold4
2021-02-08 08:37:18,489 - INFO - ********************
2021-02-08 08:40:30,662 - INFO - Valid LWLRAP: 0.88513
2021-02-08 08:40:30,820 - INFO - Internal process exited
