2020-12-12 20:36:45,802 - INFO - logger set up
2020-12-12 20:36:46,122 - INFO - Note: NumExpr detected 20 cores but "NUMEXPR_MAX_THREADS" not set, so enforcing safe limit of 8.
2020-12-12 20:36:46,123 - INFO - NumExpr defaulting to 8 threads.
2020-12-12 20:36:46,372 - INFO - ====================
2020-12-12 20:36:46,372 - INFO - Fold 0
2020-12-12 20:36:46,372 - INFO - ====================
2020-12-12 20:36:48,366 - INFO - ********************
2020-12-12 20:36:48,367 - INFO - OOF prediction for fold0
2020-12-12 20:36:48,367 - INFO - ********************
2020-12-12 20:37:31,333 - INFO - ********************
2020-12-12 20:37:31,333 - INFO - Prediction on test for fold0
2020-12-12 20:37:31,333 - INFO - ********************
2020-12-12 20:43:54,523 - INFO - ====================
2020-12-12 20:43:54,523 - INFO - Fold 1
2020-12-12 20:43:54,523 - INFO - ====================
2020-12-12 20:43:54,963 - INFO - ********************
2020-12-12 20:43:54,963 - INFO - OOF prediction for fold1
2020-12-12 20:43:54,963 - INFO - ********************
2020-12-12 20:44:45,210 - INFO - ********************
2020-12-12 20:44:45,210 - INFO - Prediction on test for fold1
2020-12-12 20:44:45,210 - INFO - ********************
2020-12-12 20:51:08,958 - INFO - ====================
2020-12-12 20:51:08,958 - INFO - Fold 2
2020-12-12 20:51:08,958 - INFO - ====================
2020-12-12 20:51:09,399 - INFO - ********************
2020-12-12 20:51:09,399 - INFO - OOF prediction for fold2
2020-12-12 20:51:09,399 - INFO - ********************
2020-12-12 20:51:56,693 - INFO - ********************
2020-12-12 20:51:56,693 - INFO - Prediction on test for fold2
2020-12-12 20:51:56,693 - INFO - ********************
2020-12-12 20:58:21,025 - INFO - ====================
2020-12-12 20:58:21,025 - INFO - Fold 3
2020-12-12 20:58:21,025 - INFO - ====================
2020-12-12 20:58:21,470 - INFO - ********************
2020-12-12 20:58:21,470 - INFO - OOF prediction for fold3
2020-12-12 20:58:21,470 - INFO - ********************
2020-12-12 20:59:05,561 - INFO - ********************
2020-12-12 20:59:05,561 - INFO - Prediction on test for fold3
2020-12-12 20:59:05,561 - INFO - ********************
2020-12-12 21:05:29,077 - INFO - ====================
2020-12-12 21:05:29,077 - INFO - Fold 4
2020-12-12 21:05:29,077 - INFO - ====================
2020-12-12 21:05:29,520 - INFO - ********************
2020-12-12 21:05:29,520 - INFO - OOF prediction for fold4
2020-12-12 21:05:29,520 - INFO - ********************
2020-12-12 21:06:15,959 - INFO - ********************
2020-12-12 21:06:15,959 - INFO - Prediction on test for fold4
2020-12-12 21:06:15,959 - INFO - ********************
2020-12-12 21:12:37,836 - INFO - Valid LWLRAP: 0.76689
