2021-01-29 23:25:33,631 - INFO - logger set up
2021-01-29 23:25:33,949 - INFO - Note: NumExpr detected 20 cores but "NUMEXPR_MAX_THREADS" not set, so enforcing safe limit of 8.
2021-01-29 23:25:33,949 - INFO - NumExpr defaulting to 8 threads.
2021-01-29 23:25:36,485 - INFO - ====================
2021-01-29 23:25:36,485 - INFO - Fold 0
2021-01-29 23:25:36,485 - INFO - ====================
2021-01-29 23:25:38,482 - INFO - ********************
2021-01-29 23:25:38,482 - INFO - Soft OOF prediction for fold0
2021-01-29 23:25:38,482 - INFO - ********************
2021-01-29 23:26:19,899 - INFO - ********************
2021-01-29 23:26:19,899 - INFO - Soft prediction for test
2021-01-29 23:26:19,899 - INFO - ********************
2021-01-29 23:32:05,443 - INFO - ********************
2021-01-29 23:32:05,443 - INFO - OOF prediction for fold0
2021-01-29 23:32:05,443 - INFO - ********************
2021-01-29 23:32:20,172 - INFO - ********************
2021-01-29 23:32:20,172 - INFO - Prediction on test for fold0
2021-01-29 23:32:20,172 - INFO - ********************
2021-01-29 23:39:09,751 - INFO - ====================
2021-01-29 23:39:09,751 - INFO - Fold 1
2021-01-29 23:39:09,751 - INFO - ====================
2021-01-29 23:39:10,214 - INFO - ********************
2021-01-29 23:39:10,214 - INFO - Soft OOF prediction for fold1
2021-01-29 23:39:10,214 - INFO - ********************
2021-01-29 23:39:50,139 - INFO - ********************
2021-01-29 23:39:50,139 - INFO - Soft prediction for test
2021-01-29 23:39:50,139 - INFO - ********************
2021-01-29 23:45:38,155 - INFO - ********************
2021-01-29 23:45:38,155 - INFO - OOF prediction for fold1
2021-01-29 23:45:38,155 - INFO - ********************
2021-01-29 23:45:51,360 - INFO - ********************
2021-01-29 23:45:51,360 - INFO - Prediction on test for fold1
2021-01-29 23:45:51,360 - INFO - ********************
2021-01-29 23:52:42,197 - INFO - ====================
2021-01-29 23:52:42,197 - INFO - Fold 2
2021-01-29 23:52:42,197 - INFO - ====================
2021-01-29 23:52:42,648 - INFO - ********************
2021-01-29 23:52:42,648 - INFO - Soft OOF prediction for fold2
2021-01-29 23:52:42,648 - INFO - ********************
2021-01-29 23:53:25,596 - INFO - ********************
2021-01-29 23:53:25,596 - INFO - Soft prediction for test
2021-01-29 23:53:25,596 - INFO - ********************
2021-01-29 23:59:13,988 - INFO - ********************
2021-01-29 23:59:13,988 - INFO - OOF prediction for fold2
2021-01-29 23:59:13,988 - INFO - ********************
2021-01-29 23:59:27,502 - INFO - ********************
2021-01-29 23:59:27,502 - INFO - Prediction on test for fold2
2021-01-29 23:59:27,502 - INFO - ********************
2021-01-30 00:06:16,297 - INFO - ====================
2021-01-30 00:06:16,297 - INFO - Fold 3
2021-01-30 00:06:16,297 - INFO - ====================
2021-01-30 00:06:16,740 - INFO - ********************
2021-01-30 00:06:16,741 - INFO - Soft OOF prediction for fold3
2021-01-30 00:06:16,741 - INFO - ********************
2021-01-30 00:06:50,010 - INFO - ********************
2021-01-30 00:06:50,010 - INFO - Soft prediction for test
2021-01-30 00:06:50,010 - INFO - ********************
2021-01-30 00:12:41,954 - INFO - ********************
2021-01-30 00:12:41,954 - INFO - OOF prediction for fold3
2021-01-30 00:12:41,954 - INFO - ********************
2021-01-30 00:12:53,341 - INFO - ********************
2021-01-30 00:12:53,341 - INFO - Prediction on test for fold3
2021-01-30 00:12:53,341 - INFO - ********************
2021-01-30 00:19:55,509 - INFO - ====================
2021-01-30 00:19:55,509 - INFO - Fold 4
2021-01-30 00:19:55,509 - INFO - ====================
2021-01-30 00:19:56,018 - INFO - ********************
2021-01-30 00:19:56,018 - INFO - Soft OOF prediction for fold4
2021-01-30 00:19:56,018 - INFO - ********************
2021-01-30 00:20:30,967 - INFO - ********************
2021-01-30 00:20:30,967 - INFO - Soft prediction for test
2021-01-30 00:20:30,967 - INFO - ********************
2021-01-30 00:26:21,091 - INFO - ********************
2021-01-30 00:26:21,091 - INFO - OOF prediction for fold4
2021-01-30 00:26:21,092 - INFO - ********************
2021-01-30 00:26:32,672 - INFO - ********************
2021-01-30 00:26:32,672 - INFO - Prediction on test for fold4
2021-01-30 00:26:32,672 - INFO - ********************
2021-01-30 00:33:23,402 - INFO - Valid LWLRAP: 0.87237
