2021-02-06 06:36:01,647 - INFO - logger set up
2021-02-06 06:36:09,173 - INFO - ====================
2021-02-06 06:36:09,173 - INFO - Fold 0
2021-02-06 06:36:09,173 - INFO - ====================
2021-02-06 06:36:14,669 - INFO - ********************
2021-02-06 06:36:14,669 - INFO - OOF prediction for fold0
2021-02-06 06:36:14,669 - INFO - ********************
2021-02-06 06:36:27,912 - INFO - ********************
2021-02-06 06:36:27,912 - INFO - Prediction on test for fold0
2021-02-06 06:36:27,912 - INFO - ********************
2021-02-06 06:41:17,871 - INFO - ====================
2021-02-06 06:41:17,872 - INFO - Fold 1
2021-02-06 06:41:17,872 - INFO - ====================
2021-02-06 06:41:18,233 - INFO - ********************
2021-02-06 06:41:18,233 - INFO - OOF prediction for fold1
2021-02-06 06:41:18,233 - INFO - ********************
2021-02-06 06:41:30,993 - INFO - ********************
2021-02-06 06:41:30,994 - INFO - Prediction on test for fold1
2021-02-06 06:41:30,994 - INFO - ********************
2021-02-06 06:46:20,669 - INFO - ====================
2021-02-06 06:46:20,669 - INFO - Fold 2
2021-02-06 06:46:20,669 - INFO - ====================
2021-02-06 06:46:20,988 - INFO - ********************
2021-02-06 06:46:20,988 - INFO - OOF prediction for fold2
2021-02-06 06:46:20,988 - INFO - ********************
2021-02-06 06:46:33,456 - INFO - ********************
2021-02-06 06:46:33,456 - INFO - Prediction on test for fold2
2021-02-06 06:46:33,456 - INFO - ********************
2021-02-06 06:51:24,007 - INFO - ====================
2021-02-06 06:51:24,008 - INFO - Fold 3
2021-02-06 06:51:24,008 - INFO - ====================
2021-02-06 06:51:24,330 - INFO - ********************
2021-02-06 06:51:24,330 - INFO - OOF prediction for fold3
2021-02-06 06:51:24,331 - INFO - ********************
2021-02-06 06:51:37,161 - INFO - ********************
2021-02-06 06:51:37,162 - INFO - Prediction on test for fold3
2021-02-06 06:51:37,162 - INFO - ********************
2021-02-06 06:56:27,120 - INFO - ====================
2021-02-06 06:56:27,120 - INFO - Fold 4
2021-02-06 06:56:27,121 - INFO - ====================
2021-02-06 06:56:27,483 - INFO - ********************
2021-02-06 06:56:27,484 - INFO - OOF prediction for fold4
2021-02-06 06:56:27,484 - INFO - ********************
2021-02-06 06:56:40,180 - INFO - ********************
2021-02-06 06:56:40,180 - INFO - Prediction on test for fold4
2021-02-06 06:56:40,180 - INFO - ********************
2021-02-06 07:01:30,349 - INFO - Valid LWLRAP: 0.87545
2021-02-06 07:01:30,504 - INFO - Internal process exited
