2021-01-08 07:45:04,272 - INFO - logger set up
2021-01-08 07:45:04,593 - INFO - Note: NumExpr detected 20 cores but "NUMEXPR_MAX_THREADS" not set, so enforcing safe limit of 8.
2021-01-08 07:45:04,593 - INFO - NumExpr defaulting to 8 threads.
2021-01-08 07:45:07,143 - INFO - ====================
2021-01-08 07:45:07,143 - INFO - Fold 0
2021-01-08 07:45:07,143 - INFO - ====================
2021-01-08 07:45:09,268 - INFO - ********************
2021-01-08 07:45:09,269 - INFO - OOF prediction for fold0
2021-01-08 07:45:09,269 - INFO - ********************
2021-01-08 07:45:24,547 - INFO - ********************
2021-01-08 07:45:24,547 - INFO - Prediction on test for fold0
2021-01-08 07:45:24,547 - INFO - ********************
2021-01-08 07:53:25,377 - INFO - ====================
2021-01-08 07:53:25,377 - INFO - Fold 1
2021-01-08 07:53:25,377 - INFO - ====================
2021-01-08 07:53:25,905 - INFO - ********************
2021-01-08 07:53:25,905 - INFO - OOF prediction for fold1
2021-01-08 07:53:25,905 - INFO - ********************
2021-01-08 07:53:40,291 - INFO - ********************
2021-01-08 07:53:40,291 - INFO - Prediction on test for fold1
2021-01-08 07:53:40,291 - INFO - ********************
2021-01-08 08:01:30,226 - INFO - ====================
2021-01-08 08:01:30,226 - INFO - Fold 2
2021-01-08 08:01:30,226 - INFO - ====================
2021-01-08 08:01:30,757 - INFO - ********************
2021-01-08 08:01:30,757 - INFO - OOF prediction for fold2
2021-01-08 08:01:30,757 - INFO - ********************
2021-01-08 08:01:45,420 - INFO - ********************
2021-01-08 08:01:45,420 - INFO - Prediction on test for fold2
2021-01-08 08:01:45,420 - INFO - ********************
2021-01-08 08:09:34,974 - INFO - ====================
2021-01-08 08:09:34,974 - INFO - Fold 3
2021-01-08 08:09:34,974 - INFO - ====================
2021-01-08 08:09:35,510 - INFO - ********************
2021-01-08 08:09:35,510 - INFO - OOF prediction for fold3
2021-01-08 08:09:35,510 - INFO - ********************
2021-01-08 08:09:47,388 - INFO - ********************
2021-01-08 08:09:47,388 - INFO - Prediction on test for fold3
2021-01-08 08:09:47,388 - INFO - ********************
2021-01-08 08:17:35,797 - INFO - ====================
2021-01-08 08:17:35,798 - INFO - Fold 4
2021-01-08 08:17:35,798 - INFO - ====================
2021-01-08 08:17:36,333 - INFO - ********************
2021-01-08 08:17:36,333 - INFO - OOF prediction for fold4
2021-01-08 08:17:36,333 - INFO - ********************
2021-01-08 08:17:49,273 - INFO - ********************
2021-01-08 08:17:49,273 - INFO - Prediction on test for fold4
2021-01-08 08:17:49,273 - INFO - ********************
2021-01-08 08:25:42,442 - INFO - Valid LWLRAP: 0.84282
