2020-12-11 15:34:28,351 - INFO - logger set up
2020-12-11 15:34:28,679 - INFO - Note: NumExpr detected 20 cores but "NUMEXPR_MAX_THREADS" not set, so enforcing safe limit of 8.
2020-12-11 15:34:28,679 - INFO - NumExpr defaulting to 8 threads.
2020-12-11 15:34:31,268 - INFO - ====================
2020-12-11 15:34:31,268 - INFO - Fold 0
2020-12-11 15:34:31,268 - INFO - ====================
2020-12-11 15:34:33,266 - INFO - ********************
2020-12-11 15:34:33,266 - INFO - OOF prediction for fold0
2020-12-11 15:34:33,266 - INFO - ********************
2020-12-11 15:34:48,498 - INFO - ********************
2020-12-11 15:34:48,498 - INFO - Prediction on test for fold0
2020-12-11 15:34:48,498 - INFO - ********************
2020-12-11 15:44:09,323 - INFO - ====================
2020-12-11 15:44:09,323 - INFO - Fold 1
2020-12-11 15:44:09,323 - INFO - ====================
2020-12-11 15:44:09,773 - INFO - ********************
2020-12-11 15:44:09,773 - INFO - OOF prediction for fold1
2020-12-11 15:44:09,773 - INFO - ********************
2020-12-11 15:44:23,665 - INFO - ********************
2020-12-11 15:44:23,665 - INFO - Prediction on test for fold1
2020-12-11 15:44:23,666 - INFO - ********************
2020-12-11 15:53:48,223 - INFO - ====================
2020-12-11 15:53:48,223 - INFO - Fold 2
2020-12-11 15:53:48,223 - INFO - ====================
2020-12-11 15:53:48,667 - INFO - ********************
2020-12-11 15:53:48,667 - INFO - OOF prediction for fold2
2020-12-11 15:53:48,667 - INFO - ********************
2020-12-11 15:54:03,226 - INFO - ********************
2020-12-11 15:54:03,226 - INFO - Prediction on test for fold2
2020-12-11 15:54:03,226 - INFO - ********************
2020-12-11 16:03:25,891 - INFO - ====================
2020-12-11 16:03:25,891 - INFO - Fold 3
2020-12-11 16:03:25,891 - INFO - ====================
2020-12-11 16:03:26,339 - INFO - ********************
2020-12-11 16:03:26,339 - INFO - OOF prediction for fold3
2020-12-11 16:03:26,339 - INFO - ********************
2020-12-11 16:03:37,834 - INFO - ********************
2020-12-11 16:03:37,835 - INFO - Prediction on test for fold3
2020-12-11 16:03:37,835 - INFO - ********************
2020-12-11 16:13:01,449 - INFO - ====================
2020-12-11 16:13:01,449 - INFO - Fold 4
2020-12-11 16:13:01,449 - INFO - ====================
2020-12-11 16:13:01,891 - INFO - ********************
2020-12-11 16:13:01,891 - INFO - OOF prediction for fold4
2020-12-11 16:13:01,891 - INFO - ********************
2020-12-11 16:13:14,333 - INFO - ********************
2020-12-11 16:13:14,334 - INFO - Prediction on test for fold4
2020-12-11 16:13:14,334 - INFO - ********************
2020-12-11 16:22:36,818 - INFO - Valid LWLRAP: 0.85404
2020-12-12 09:28:15,019 - INFO - logger set up
2020-12-12 09:28:15,334 - INFO - Note: NumExpr detected 20 cores but "NUMEXPR_MAX_THREADS" not set, so enforcing safe limit of 8.
2020-12-12 09:28:15,334 - INFO - NumExpr defaulting to 8 threads.
2020-12-12 09:28:15,580 - INFO - ====================
2020-12-12 09:28:15,580 - INFO - Fold 0
2020-12-12 09:28:15,580 - INFO - ====================
2020-12-12 09:28:17,561 - INFO - ********************
2020-12-12 09:28:17,561 - INFO - OOF prediction for fold0
2020-12-12 09:28:17,561 - INFO - ********************
2020-12-12 09:28:32,499 - INFO - ********************
2020-12-12 09:28:32,499 - INFO - Prediction on test for fold0
2020-12-12 09:28:32,499 - INFO - ********************
2020-12-12 09:37:51,424 - INFO - ====================
2020-12-12 09:37:51,424 - INFO - Fold 1
2020-12-12 09:37:51,424 - INFO - ====================
2020-12-12 09:37:51,868 - INFO - ********************
2020-12-12 09:37:51,868 - INFO - OOF prediction for fold1
2020-12-12 09:37:51,868 - INFO - ********************
2020-12-12 09:38:06,293 - INFO - ********************
2020-12-12 09:38:06,293 - INFO - Prediction on test for fold1
2020-12-12 09:38:06,293 - INFO - ********************
2020-12-12 09:47:30,786 - INFO - ====================
2020-12-12 09:47:30,786 - INFO - Fold 2
2020-12-12 09:47:30,786 - INFO - ====================
2020-12-12 09:47:31,222 - INFO - ********************
2020-12-12 09:47:31,222 - INFO - OOF prediction for fold2
2020-12-12 09:47:31,222 - INFO - ********************
2020-12-12 09:47:45,443 - INFO - ********************
2020-12-12 09:47:45,443 - INFO - Prediction on test for fold2
2020-12-12 09:47:45,443 - INFO - ********************
