2021-01-07 01:25:14,741 - INFO - logger set up
2021-01-07 01:25:15,059 - INFO - Note: NumExpr detected 20 cores but "NUMEXPR_MAX_THREADS" not set, so enforcing safe limit of 8.
2021-01-07 01:25:15,059 - INFO - NumExpr defaulting to 8 threads.
2021-01-07 01:25:17,606 - INFO - ====================
2021-01-07 01:25:17,606 - INFO - Fold 0
2021-01-07 01:25:17,606 - INFO - ====================
2021-01-07 01:25:19,503 - INFO - ********************
2021-01-07 01:25:19,503 - INFO - OOF prediction for fold0
2021-01-07 01:25:19,503 - INFO - ********************
2021-01-07 01:25:29,100 - INFO - ********************
2021-01-07 01:25:29,101 - INFO - Prediction on test for fold0
2021-01-07 01:25:29,101 - INFO - ********************
2021-01-07 01:30:43,949 - INFO - ====================
2021-01-07 01:30:43,949 - INFO - Fold 1
2021-01-07 01:30:43,949 - INFO - ====================
2021-01-07 01:30:44,241 - INFO - ********************
2021-01-07 01:30:44,241 - INFO - OOF prediction for fold1
2021-01-07 01:30:44,241 - INFO - ********************
2021-01-07 01:30:55,061 - INFO - ********************
2021-01-07 01:30:55,061 - INFO - Prediction on test for fold1
2021-01-07 01:30:55,061 - INFO - ********************
2021-01-07 01:36:06,681 - INFO - ====================
2021-01-07 01:36:06,681 - INFO - Fold 2
2021-01-07 01:36:06,681 - INFO - ====================
2021-01-07 01:36:06,969 - INFO - ********************
2021-01-07 01:36:06,969 - INFO - OOF prediction for fold2
2021-01-07 01:36:06,969 - INFO - ********************
2021-01-07 01:36:17,364 - INFO - ********************
2021-01-07 01:36:17,364 - INFO - Prediction on test for fold2
2021-01-07 01:36:17,364 - INFO - ********************
2021-01-07 01:41:30,735 - INFO - ====================
2021-01-07 01:41:30,735 - INFO - Fold 3
2021-01-07 01:41:30,735 - INFO - ====================
2021-01-07 01:41:31,030 - INFO - ********************
2021-01-07 01:41:31,030 - INFO - OOF prediction for fold3
2021-01-07 01:41:31,030 - INFO - ********************
2021-01-07 01:41:41,157 - INFO - ********************
2021-01-07 01:41:41,157 - INFO - Prediction on test for fold3
2021-01-07 01:41:41,157 - INFO - ********************
2021-01-07 01:46:53,125 - INFO - ====================
2021-01-07 01:46:53,125 - INFO - Fold 4
2021-01-07 01:46:53,125 - INFO - ====================
2021-01-07 01:46:53,422 - INFO - ********************
2021-01-07 01:46:53,422 - INFO - OOF prediction for fold4
2021-01-07 01:46:53,422 - INFO - ********************
2021-01-07 01:47:03,901 - INFO - ********************
2021-01-07 01:47:03,901 - INFO - Prediction on test for fold4
2021-01-07 01:47:03,902 - INFO - ********************
2021-01-07 01:52:17,339 - INFO - Valid LWLRAP: 0.86593
