2021-02-08 06:58:35,733 - INFO - logger set up
2021-02-08 06:58:48,434 - INFO - ====================
2021-02-08 06:58:48,435 - INFO - Fold 0
2021-02-08 06:58:48,435 - INFO - ====================
2021-02-08 06:58:56,678 - INFO - ********************
2021-02-08 06:58:56,678 - INFO - OOF prediction for fold0
2021-02-08 06:58:56,679 - INFO - ********************
2021-02-08 06:59:06,503 - INFO - ********************
2021-02-08 06:59:06,503 - INFO - Prediction on test for fold0
2021-02-08 06:59:06,503 - INFO - ********************
2021-02-08 07:02:13,820 - INFO - ====================
2021-02-08 07:02:13,820 - INFO - Fold 1
2021-02-08 07:02:13,821 - INFO - ====================
2021-02-08 07:02:14,402 - INFO - ********************
2021-02-08 07:02:14,402 - INFO - OOF prediction for fold1
2021-02-08 07:02:14,402 - INFO - ********************
2021-02-08 07:02:24,527 - INFO - ********************
2021-02-08 07:02:24,527 - INFO - Prediction on test for fold1
2021-02-08 07:02:24,527 - INFO - ********************
2021-02-08 07:05:31,804 - INFO - ====================
2021-02-08 07:05:31,804 - INFO - Fold 2
2021-02-08 07:05:31,804 - INFO - ====================
2021-02-08 07:05:32,515 - INFO - ********************
2021-02-08 07:05:32,516 - INFO - OOF prediction for fold2
2021-02-08 07:05:32,517 - INFO - ********************
2021-02-08 07:05:43,694 - INFO - ********************
2021-02-08 07:05:43,695 - INFO - Prediction on test for fold2
2021-02-08 07:05:43,695 - INFO - ********************
2021-02-08 07:08:42,171 - INFO - ====================
2021-02-08 07:08:42,171 - INFO - Fold 3
2021-02-08 07:08:42,171 - INFO - ====================
2021-02-08 07:08:42,543 - INFO - ********************
2021-02-08 07:08:42,543 - INFO - OOF prediction for fold3
2021-02-08 07:08:42,543 - INFO - ********************
2021-02-08 07:08:54,607 - INFO - ********************
2021-02-08 07:08:54,607 - INFO - Prediction on test for fold3
2021-02-08 07:08:54,607 - INFO - ********************
2021-02-08 07:12:03,917 - INFO - ====================
2021-02-08 07:12:03,917 - INFO - Fold 4
2021-02-08 07:12:03,917 - INFO - ====================
2021-02-08 07:12:04,241 - INFO - ********************
2021-02-08 07:12:04,241 - INFO - OOF prediction for fold4
2021-02-08 07:12:04,241 - INFO - ********************
2021-02-08 07:12:10,918 - INFO - ********************
2021-02-08 07:12:10,918 - INFO - Prediction on test for fold4
2021-02-08 07:12:10,919 - INFO - ********************
2021-02-08 07:15:20,466 - INFO - Valid LWLRAP: 0.89000
2021-02-08 07:15:20,690 - INFO - Internal process exited
