2021-02-06 00:02:14,544 - INFO - logger set up
2021-02-06 00:02:14,890 - INFO - Note: NumExpr detected 20 cores but "NUMEXPR_MAX_THREADS" not set, so enforcing safe limit of 8.
2021-02-06 00:02:14,890 - INFO - NumExpr defaulting to 8 threads.
2021-02-06 00:02:17,473 - INFO - ====================
2021-02-06 00:02:17,474 - INFO - Fold 0
2021-02-06 00:02:17,474 - INFO - ====================
2021-02-06 00:02:19,486 - INFO - ********************
2021-02-06 00:02:19,487 - INFO - OOF prediction for fold0
2021-02-06 00:02:19,487 - INFO - ********************
2021-02-06 00:02:35,330 - INFO - ********************
2021-02-06 00:02:35,330 - INFO - Prediction on test for fold0
2021-02-06 00:02:35,330 - INFO - ********************
2021-02-06 00:10:29,209 - INFO - ====================
2021-02-06 00:10:29,209 - INFO - Fold 1
2021-02-06 00:10:29,209 - INFO - ====================
2021-02-06 00:10:29,644 - INFO - ********************
2021-02-06 00:10:29,644 - INFO - OOF prediction for fold1
2021-02-06 00:10:29,644 - INFO - ********************
2021-02-06 00:10:44,231 - INFO - ********************
2021-02-06 00:10:44,231 - INFO - Prediction on test for fold1
2021-02-06 00:10:44,231 - INFO - ********************
2021-02-06 00:18:35,110 - INFO - ====================
2021-02-06 00:18:35,110 - INFO - Fold 2
2021-02-06 00:18:35,110 - INFO - ====================
2021-02-06 00:18:35,557 - INFO - ********************
2021-02-06 00:18:35,557 - INFO - OOF prediction for fold2
2021-02-06 00:18:35,557 - INFO - ********************
2021-02-06 00:18:50,175 - INFO - ********************
2021-02-06 00:18:50,175 - INFO - Prediction on test for fold2
2021-02-06 00:18:50,175 - INFO - ********************
2021-02-06 00:26:46,405 - INFO - ====================
2021-02-06 00:26:46,405 - INFO - Fold 3
2021-02-06 00:26:46,405 - INFO - ====================
2021-02-06 00:26:46,857 - INFO - ********************
2021-02-06 00:26:46,857 - INFO - OOF prediction for fold3
2021-02-06 00:26:46,857 - INFO - ********************
2021-02-06 00:26:59,310 - INFO - ********************
2021-02-06 00:26:59,310 - INFO - Prediction on test for fold3
2021-02-06 00:26:59,310 - INFO - ********************
2021-02-06 00:34:49,103 - INFO - ====================
2021-02-06 00:34:49,103 - INFO - Fold 4
2021-02-06 00:34:49,103 - INFO - ====================
2021-02-06 00:34:49,551 - INFO - ********************
2021-02-06 00:34:49,551 - INFO - OOF prediction for fold4
2021-02-06 00:34:49,551 - INFO - ********************
2021-02-06 00:35:02,784 - INFO - ********************
2021-02-06 00:35:02,785 - INFO - Prediction on test for fold4
2021-02-06 00:35:02,785 - INFO - ********************
2021-02-06 00:42:56,776 - INFO - Valid LWLRAP: 0.85711
