2021-01-17 07:16:54,749 - INFO - logger set up
2021-01-17 07:16:55,081 - INFO - Note: NumExpr detected 20 cores but "NUMEXPR_MAX_THREADS" not set, so enforcing safe limit of 8.
2021-01-17 07:16:55,081 - INFO - NumExpr defaulting to 8 threads.
2021-01-17 07:17:24,782 - INFO - ====================
2021-01-17 07:17:24,782 - INFO - Fold 0
2021-01-17 07:17:24,782 - INFO - ====================
2021-01-17 07:17:26,760 - INFO - ********************
2021-01-17 07:17:26,760 - INFO - OOF prediction for fold0
2021-01-17 07:17:26,760 - INFO - ********************
2021-01-17 07:18:28,445 - INFO - ********************
2021-01-17 07:18:28,445 - INFO - Prediction on test for fold0
2021-01-17 07:18:28,445 - INFO - ********************
2021-01-17 07:23:39,273 - INFO - ====================
2021-01-17 07:23:39,273 - INFO - Fold 1
2021-01-17 07:23:39,273 - INFO - ====================
2021-01-17 07:23:39,713 - INFO - ********************
2021-01-17 07:23:39,713 - INFO - OOF prediction for fold1
2021-01-17 07:23:39,713 - INFO - ********************
2021-01-17 07:25:03,307 - INFO - ********************
2021-01-17 07:25:03,307 - INFO - Prediction on test for fold1
2021-01-17 07:25:03,307 - INFO - ********************
2021-01-17 07:30:12,613 - INFO - ====================
2021-01-17 07:30:12,613 - INFO - Fold 2
2021-01-17 07:30:12,613 - INFO - ====================
2021-01-17 07:30:13,050 - INFO - ********************
2021-01-17 07:30:13,050 - INFO - OOF prediction for fold2
2021-01-17 07:30:13,050 - INFO - ********************
2021-01-17 07:31:31,705 - INFO - ********************
2021-01-17 07:31:31,705 - INFO - Prediction on test for fold2
2021-01-17 07:31:31,706 - INFO - ********************
2021-01-17 07:36:42,010 - INFO - ====================
2021-01-17 07:36:42,010 - INFO - Fold 3
2021-01-17 07:36:42,010 - INFO - ====================
2021-01-17 07:36:42,440 - INFO - ********************
2021-01-17 07:36:42,440 - INFO - OOF prediction for fold3
2021-01-17 07:36:42,440 - INFO - ********************
2021-01-17 07:37:52,662 - INFO - ********************
2021-01-17 07:37:52,662 - INFO - Prediction on test for fold3
2021-01-17 07:37:52,662 - INFO - ********************
2021-01-17 07:43:04,158 - INFO - ====================
2021-01-17 07:43:04,158 - INFO - Fold 4
2021-01-17 07:43:04,158 - INFO - ====================
2021-01-17 07:43:04,586 - INFO - ********************
2021-01-17 07:43:04,587 - INFO - OOF prediction for fold4
2021-01-17 07:43:04,587 - INFO - ********************
2021-01-17 07:44:20,168 - INFO - ********************
2021-01-17 07:44:20,168 - INFO - Prediction on test for fold4
2021-01-17 07:44:20,168 - INFO - ********************
2021-01-17 07:49:30,463 - INFO - Valid LWLRAP: 0.86713
