2021-01-25 00:11:56,286 - INFO - logger set up
2021-01-25 00:11:56,609 - INFO - Note: NumExpr detected 20 cores but "NUMEXPR_MAX_THREADS" not set, so enforcing safe limit of 8.
2021-01-25 00:11:56,609 - INFO - NumExpr defaulting to 8 threads.
2021-01-25 00:11:59,133 - INFO - ====================
2021-01-25 00:11:59,133 - INFO - Fold 0
2021-01-25 00:11:59,133 - INFO - ====================
2021-01-25 00:12:01,149 - INFO - ********************
2021-01-25 00:12:01,149 - INFO - OOF prediction for fold0
2021-01-25 00:12:01,149 - INFO - ********************
2021-01-25 00:12:07,640 - INFO - ********************
2021-01-25 00:12:07,640 - INFO - Prediction on test for fold0
2021-01-25 00:12:07,640 - INFO - ********************
2021-01-25 00:15:50,310 - INFO - ====================
2021-01-25 00:15:50,310 - INFO - Fold 1
2021-01-25 00:15:50,310 - INFO - ====================
2021-01-25 00:15:50,757 - INFO - ********************
2021-01-25 00:15:50,757 - INFO - OOF prediction for fold1
2021-01-25 00:15:50,757 - INFO - ********************
2021-01-25 00:15:58,592 - INFO - ********************
2021-01-25 00:15:58,592 - INFO - Prediction on test for fold1
2021-01-25 00:15:58,592 - INFO - ********************
2021-01-25 00:19:42,568 - INFO - ====================
2021-01-25 00:19:42,568 - INFO - Fold 2
2021-01-25 00:19:42,568 - INFO - ====================
2021-01-25 00:19:43,005 - INFO - ********************
2021-01-25 00:19:43,005 - INFO - OOF prediction for fold2
2021-01-25 00:19:43,005 - INFO - ********************
2021-01-25 00:19:50,601 - INFO - ********************
2021-01-25 00:19:50,601 - INFO - Prediction on test for fold2
2021-01-25 00:19:50,601 - INFO - ********************
2021-01-25 00:23:35,734 - INFO - ====================
2021-01-25 00:23:35,734 - INFO - Fold 3
2021-01-25 00:23:35,734 - INFO - ====================
2021-01-25 00:23:36,177 - INFO - ********************
2021-01-25 00:23:36,177 - INFO - OOF prediction for fold3
2021-01-25 00:23:36,177 - INFO - ********************
2021-01-25 00:23:43,217 - INFO - ********************
2021-01-25 00:23:43,217 - INFO - Prediction on test for fold3
2021-01-25 00:23:43,217 - INFO - ********************
2021-01-25 00:27:28,330 - INFO - ====================
2021-01-25 00:27:28,330 - INFO - Fold 4
2021-01-25 00:27:28,330 - INFO - ====================
2021-01-25 00:27:28,776 - INFO - ********************
2021-01-25 00:27:28,776 - INFO - OOF prediction for fold4
2021-01-25 00:27:28,776 - INFO - ********************
2021-01-25 00:27:34,809 - INFO - ********************
2021-01-25 00:27:34,809 - INFO - Prediction on test for fold4
2021-01-25 00:27:34,809 - INFO - ********************
2021-01-25 00:31:20,858 - INFO - Valid LWLRAP: 0.87209
