2021-02-07 18:12:01,391 - INFO - logger set up
2021-02-07 18:12:09,185 - INFO - ====================
2021-02-07 18:12:09,185 - INFO - Fold 0
2021-02-07 18:12:09,185 - INFO - ====================
2021-02-07 18:12:16,987 - INFO - ********************
2021-02-07 18:12:16,988 - INFO - OOF prediction for fold0
2021-02-07 18:12:16,988 - INFO - ********************
2021-02-07 18:12:30,996 - INFO - ********************
2021-02-07 18:12:30,998 - INFO - Prediction on test for fold0
2021-02-07 18:12:30,999 - INFO - ********************
2021-02-07 18:15:44,851 - INFO - ====================
2021-02-07 18:15:44,853 - INFO - Fold 1
2021-02-07 18:15:44,853 - INFO - ====================
2021-02-07 18:15:46,441 - INFO - ********************
2021-02-07 18:15:46,442 - INFO - OOF prediction for fold1
2021-02-07 18:15:46,442 - INFO - ********************
2021-02-07 18:16:00,420 - INFO - ********************
2021-02-07 18:16:00,421 - INFO - Prediction on test for fold1
2021-02-07 18:16:00,421 - INFO - ********************
2021-02-07 18:19:14,173 - INFO - ====================
2021-02-07 18:19:14,185 - INFO - Fold 2
2021-02-07 18:19:14,186 - INFO - ====================
2021-02-07 18:19:15,362 - INFO - ********************
2021-02-07 18:19:15,362 - INFO - OOF prediction for fold2
2021-02-07 18:19:15,383 - INFO - ********************
2021-02-07 18:19:27,481 - INFO - ********************
2021-02-07 18:19:27,482 - INFO - Prediction on test for fold2
2021-02-07 18:19:27,482 - INFO - ********************
2021-02-07 18:22:41,424 - INFO - ====================
2021-02-07 18:22:41,425 - INFO - Fold 3
2021-02-07 18:22:41,425 - INFO - ====================
2021-02-07 18:22:42,213 - INFO - ********************
2021-02-07 18:22:42,213 - INFO - OOF prediction for fold3
2021-02-07 18:22:42,213 - INFO - ********************
2021-02-07 18:22:49,863 - INFO - ********************
2021-02-07 18:22:49,864 - INFO - Prediction on test for fold3
2021-02-07 18:22:49,864 - INFO - ********************
2021-02-07 18:26:05,867 - INFO - ====================
2021-02-07 18:26:05,869 - INFO - Fold 4
2021-02-07 18:26:05,869 - INFO - ====================
2021-02-07 18:26:07,447 - INFO - ********************
2021-02-07 18:26:07,448 - INFO - OOF prediction for fold4
2021-02-07 18:26:07,448 - INFO - ********************
2021-02-07 18:26:16,620 - INFO - ********************
2021-02-07 18:26:16,622 - INFO - Prediction on test for fold4
2021-02-07 18:26:16,622 - INFO - ********************
2021-02-07 18:29:31,200 - INFO - Valid LWLRAP: 0.88767
2021-02-07 18:29:31,925 - INFO - Internal process exited
