2021-02-06 16:16:27,640 - INFO - logger set up
2021-02-06 16:16:35,183 - INFO - ====================
2021-02-06 16:16:35,183 - INFO - Fold 0
2021-02-06 16:16:35,183 - INFO - ====================
2021-02-06 16:16:40,812 - INFO - ********************
2021-02-06 16:16:40,813 - INFO - OOF prediction for fold0
2021-02-06 16:16:40,813 - INFO - ********************
2021-02-06 16:16:48,107 - INFO - ********************
2021-02-06 16:16:48,107 - INFO - Prediction on test for fold0
2021-02-06 16:16:48,107 - INFO - ********************
2021-02-06 16:19:36,744 - INFO - ====================
2021-02-06 16:19:36,744 - INFO - Fold 1
2021-02-06 16:19:36,744 - INFO - ====================
2021-02-06 16:19:37,072 - INFO - ********************
2021-02-06 16:19:37,072 - INFO - OOF prediction for fold1
2021-02-06 16:19:37,072 - INFO - ********************
2021-02-06 16:19:43,581 - INFO - ********************
2021-02-06 16:19:43,581 - INFO - Prediction on test for fold1
2021-02-06 16:19:43,582 - INFO - ********************
2021-02-06 16:22:33,079 - INFO - ====================
2021-02-06 16:22:33,080 - INFO - Fold 2
2021-02-06 16:22:33,080 - INFO - ====================
2021-02-06 16:22:33,426 - INFO - ********************
2021-02-06 16:22:33,426 - INFO - OOF prediction for fold2
2021-02-06 16:22:33,426 - INFO - ********************
2021-02-06 16:22:40,504 - INFO - ********************
2021-02-06 16:22:40,505 - INFO - Prediction on test for fold2
2021-02-06 16:22:40,505 - INFO - ********************
2021-02-06 16:25:29,346 - INFO - ====================
2021-02-06 16:25:29,346 - INFO - Fold 3
2021-02-06 16:25:29,346 - INFO - ====================
2021-02-06 16:25:29,682 - INFO - ********************
2021-02-06 16:25:29,682 - INFO - OOF prediction for fold3
2021-02-06 16:25:29,682 - INFO - ********************
2021-02-06 16:25:36,526 - INFO - ********************
2021-02-06 16:25:36,526 - INFO - Prediction on test for fold3
2021-02-06 16:25:36,526 - INFO - ********************
2021-02-06 16:28:25,740 - INFO - ====================
2021-02-06 16:28:25,740 - INFO - Fold 4
2021-02-06 16:28:25,741 - INFO - ====================
2021-02-06 16:28:26,097 - INFO - ********************
2021-02-06 16:28:26,098 - INFO - OOF prediction for fold4
2021-02-06 16:28:26,098 - INFO - ********************
2021-02-06 16:28:32,328 - INFO - ********************
2021-02-06 16:28:32,328 - INFO - Prediction on test for fold4
2021-02-06 16:28:32,328 - INFO - ********************
2021-02-06 16:31:21,230 - INFO - Valid LWLRAP: 0.88284
2021-02-06 16:31:21,384 - INFO - Internal process exited
