2020-11-30 09:59:24,526 - INFO - logger set up
2020-11-30 09:59:24,781 - INFO - Note: NumExpr detected 20 cores but "NUMEXPR_MAX_THREADS" not set, so enforcing safe limit of 8.
2020-11-30 09:59:24,781 - INFO - NumExpr defaulting to 8 threads.
2020-11-30 09:59:25,025 - INFO - ====================
2020-11-30 09:59:25,025 - INFO - Fold 0
2020-11-30 09:59:25,025 - INFO - ====================
2020-11-30 09:59:26,996 - INFO - ********************
2020-11-30 09:59:26,996 - INFO - OOF prediction for fold0
2020-11-30 09:59:26,996 - INFO - ********************
2020-11-30 10:04:55,023 - INFO - logger set up
2020-11-30 10:04:55,281 - INFO - Note: NumExpr detected 20 cores but "NUMEXPR_MAX_THREADS" not set, so enforcing safe limit of 8.
2020-11-30 10:04:55,281 - INFO - NumExpr defaulting to 8 threads.
2020-11-30 10:04:55,529 - INFO - ====================
2020-11-30 10:04:55,529 - INFO - Fold 0
2020-11-30 10:04:55,529 - INFO - ====================
2020-11-30 10:04:57,507 - INFO - ********************
2020-11-30 10:04:57,507 - INFO - OOF prediction for fold0
2020-11-30 10:04:57,507 - INFO - ********************
2020-11-30 10:05:25,666 - INFO - ********************
2020-11-30 10:05:25,666 - INFO - Prediction on test for fold0
2020-11-30 10:05:25,666 - INFO - ********************
