2021-01-10 22:50:18,341 - INFO - logger set up
2021-01-10 22:50:18,664 - INFO - Note: NumExpr detected 20 cores but "NUMEXPR_MAX_THREADS" not set, so enforcing safe limit of 8.
2021-01-10 22:50:18,664 - INFO - NumExpr defaulting to 8 threads.
2021-01-10 22:50:18,914 - INFO - ====================
2021-01-10 22:50:18,914 - INFO - Fold 0
2021-01-10 22:50:18,914 - INFO - ====================
2021-01-10 22:50:20,830 - INFO - ********************
2021-01-10 22:50:20,830 - INFO - OOF prediction for fold0
2021-01-10 22:50:20,830 - INFO - ********************
2021-01-10 22:50:46,204 - INFO - ********************
2021-01-10 22:50:46,204 - INFO - Prediction on test for fold0
2021-01-10 22:50:46,204 - INFO - ********************
2021-01-10 22:53:19,609 - INFO - ====================
2021-01-10 22:53:19,609 - INFO - Fold 1
2021-01-10 22:53:19,610 - INFO - ====================
2021-01-10 22:53:19,909 - INFO - ********************
2021-01-10 22:53:19,909 - INFO - OOF prediction for fold1
2021-01-10 22:53:19,909 - INFO - ********************
2021-01-10 22:53:48,404 - INFO - ********************
2021-01-10 22:53:48,404 - INFO - Prediction on test for fold1
2021-01-10 22:53:48,404 - INFO - ********************
2021-01-10 22:56:25,629 - INFO - ====================
2021-01-10 22:56:25,629 - INFO - Fold 2
2021-01-10 22:56:25,629 - INFO - ====================
2021-01-10 22:56:25,925 - INFO - ********************
2021-01-10 22:56:25,925 - INFO - OOF prediction for fold2
2021-01-10 22:56:25,925 - INFO - ********************
2021-01-10 22:56:53,432 - INFO - ********************
2021-01-10 22:56:53,432 - INFO - Prediction on test for fold2
2021-01-10 22:56:53,432 - INFO - ********************
2021-01-10 22:59:31,831 - INFO - ====================
2021-01-10 22:59:31,831 - INFO - Fold 3
2021-01-10 22:59:31,831 - INFO - ====================
2021-01-10 22:59:32,128 - INFO - ********************
2021-01-10 22:59:32,128 - INFO - OOF prediction for fold3
2021-01-10 22:59:32,128 - INFO - ********************
2021-01-10 22:59:57,775 - INFO - ********************
2021-01-10 22:59:57,775 - INFO - Prediction on test for fold3
2021-01-10 22:59:57,775 - INFO - ********************
2021-01-10 23:02:34,935 - INFO - ====================
2021-01-10 23:02:34,936 - INFO - Fold 4
2021-01-10 23:02:34,936 - INFO - ====================
2021-01-10 23:02:35,224 - INFO - ********************
2021-01-10 23:02:35,224 - INFO - OOF prediction for fold4
2021-01-10 23:02:35,224 - INFO - ********************
2021-01-10 23:03:02,555 - INFO - ********************
2021-01-10 23:03:02,556 - INFO - Prediction on test for fold4
2021-01-10 23:03:02,556 - INFO - ********************
2021-01-10 23:05:40,780 - INFO - Valid LWLRAP: 0.81765
