2021-01-24 08:45:32,370 - INFO - logger set up
2021-01-24 08:45:32,684 - INFO - Note: NumExpr detected 20 cores but "NUMEXPR_MAX_THREADS" not set, so enforcing safe limit of 8.
2021-01-24 08:45:32,684 - INFO - NumExpr defaulting to 8 threads.
2021-01-24 08:45:35,213 - INFO - ====================
2021-01-24 08:45:35,214 - INFO - Fold 0
2021-01-24 08:45:35,214 - INFO - ====================
2021-01-24 08:45:37,211 - INFO - ********************
2021-01-24 08:45:37,212 - INFO - OOF prediction for fold0
2021-01-24 08:45:37,212 - INFO - ********************
2021-01-24 08:45:51,707 - INFO - ********************
2021-01-24 08:45:51,708 - INFO - Prediction on test for fold0
2021-01-24 08:45:51,708 - INFO - ********************
2021-01-24 08:52:42,798 - INFO - ====================
2021-01-24 08:52:42,798 - INFO - Fold 1
2021-01-24 08:52:42,798 - INFO - ====================
2021-01-24 08:52:43,247 - INFO - ********************
2021-01-24 08:52:43,247 - INFO - OOF prediction for fold1
2021-01-24 08:52:43,247 - INFO - ********************
2021-01-24 08:52:56,445 - INFO - ********************
2021-01-24 08:52:56,445 - INFO - Prediction on test for fold1
2021-01-24 08:52:56,445 - INFO - ********************
2021-01-24 08:59:42,210 - INFO - ====================
2021-01-24 08:59:42,210 - INFO - Fold 2
2021-01-24 08:59:42,210 - INFO - ====================
2021-01-24 08:59:42,657 - INFO - ********************
2021-01-24 08:59:42,657 - INFO - OOF prediction for fold2
2021-01-24 08:59:42,657 - INFO - ********************
2021-01-24 08:59:56,063 - INFO - ********************
2021-01-24 08:59:56,063 - INFO - Prediction on test for fold2
2021-01-24 08:59:56,063 - INFO - ********************
2021-01-24 09:06:48,252 - INFO - ====================
2021-01-24 09:06:48,252 - INFO - Fold 3
2021-01-24 09:06:48,252 - INFO - ====================
2021-01-24 09:06:48,703 - INFO - ********************
2021-01-24 09:06:48,703 - INFO - OOF prediction for fold3
2021-01-24 09:06:48,703 - INFO - ********************
2021-01-24 09:06:59,836 - INFO - ********************
2021-01-24 09:06:59,837 - INFO - Prediction on test for fold3
2021-01-24 09:06:59,837 - INFO - ********************
2021-01-24 09:13:51,022 - INFO - ====================
2021-01-24 09:13:51,022 - INFO - Fold 4
2021-01-24 09:13:51,022 - INFO - ====================
2021-01-24 09:13:51,461 - INFO - ********************
2021-01-24 09:13:51,461 - INFO - OOF prediction for fold4
2021-01-24 09:13:51,461 - INFO - ********************
2021-01-24 09:14:03,489 - INFO - ********************
2021-01-24 09:14:03,490 - INFO - Prediction on test for fold4
2021-01-24 09:14:03,490 - INFO - ********************
2021-01-24 09:20:53,784 - INFO - Valid LWLRAP: 0.88937
