2021-01-25 20:50:15,961 - INFO - logger set up
2021-01-25 20:50:16,278 - INFO - Note: NumExpr detected 20 cores but "NUMEXPR_MAX_THREADS" not set, so enforcing safe limit of 8.
2021-01-25 20:50:16,278 - INFO - NumExpr defaulting to 8 threads.
2021-01-25 20:50:18,790 - INFO - ====================
2021-01-25 20:50:18,790 - INFO - Fold 0
2021-01-25 20:50:18,790 - INFO - ====================
2021-01-25 20:50:20,795 - INFO - ********************
2021-01-25 20:50:20,795 - INFO - OOF prediction for fold0
2021-01-25 20:50:20,795 - INFO - ********************
2021-01-25 20:50:35,915 - INFO - ********************
2021-01-25 20:50:35,915 - INFO - Prediction on test for fold0
2021-01-25 20:50:35,915 - INFO - ********************
2021-01-25 20:57:27,206 - INFO - ====================
2021-01-25 20:57:27,206 - INFO - Fold 1
2021-01-25 20:57:27,206 - INFO - ====================
2021-01-25 20:57:27,650 - INFO - ********************
2021-01-25 20:57:27,650 - INFO - OOF prediction for fold1
2021-01-25 20:57:27,650 - INFO - ********************
2021-01-25 20:57:41,552 - INFO - ********************
2021-01-25 20:57:41,552 - INFO - Prediction on test for fold1
2021-01-25 20:57:41,552 - INFO - ********************
2021-01-25 21:04:32,894 - INFO - ====================
2021-01-25 21:04:32,894 - INFO - Fold 2
2021-01-25 21:04:32,894 - INFO - ====================
2021-01-25 21:04:33,335 - INFO - ********************
2021-01-25 21:04:33,335 - INFO - OOF prediction for fold2
2021-01-25 21:04:33,336 - INFO - ********************
2021-01-25 21:04:47,912 - INFO - ********************
2021-01-25 21:04:47,912 - INFO - Prediction on test for fold2
2021-01-25 21:04:47,912 - INFO - ********************
2021-01-25 21:11:38,054 - INFO - ====================
2021-01-25 21:11:38,054 - INFO - Fold 3
2021-01-25 21:11:38,054 - INFO - ====================
2021-01-25 21:11:38,496 - INFO - ********************
2021-01-25 21:11:38,496 - INFO - OOF prediction for fold3
2021-01-25 21:11:38,496 - INFO - ********************
2021-01-25 21:11:50,733 - INFO - ********************
2021-01-25 21:11:50,733 - INFO - Prediction on test for fold3
2021-01-25 21:11:50,733 - INFO - ********************
2021-01-25 21:18:47,081 - INFO - ====================
2021-01-25 21:18:47,082 - INFO - Fold 4
2021-01-25 21:18:47,082 - INFO - ====================
2021-01-25 21:18:47,532 - INFO - ********************
2021-01-25 21:18:47,532 - INFO - OOF prediction for fold4
2021-01-25 21:18:47,532 - INFO - ********************
2021-01-25 21:19:00,372 - INFO - ********************
2021-01-25 21:19:00,372 - INFO - Prediction on test for fold4
2021-01-25 21:19:00,372 - INFO - ********************
2021-01-25 21:25:54,513 - INFO - Valid LWLRAP: 0.88073
