2021-01-27 16:36:53,493 - INFO - logger set up
2021-01-27 16:36:53,816 - INFO - Note: NumExpr detected 20 cores but "NUMEXPR_MAX_THREADS" not set, so enforcing safe limit of 8.
2021-01-27 16:36:53,816 - INFO - NumExpr defaulting to 8 threads.
2021-01-27 16:36:56,365 - INFO - ====================
2021-01-27 16:36:56,365 - INFO - Fold 0
2021-01-27 16:36:56,365 - INFO - ====================
2021-01-27 16:36:58,378 - INFO - ********************
2021-01-27 16:36:58,378 - INFO - Soft OOF prediction for fold0
2021-01-27 16:36:58,378 - INFO - ********************
2021-01-27 16:37:40,870 - INFO - ********************
2021-01-27 16:37:40,870 - INFO - Soft prediction for test
2021-01-27 16:37:40,870 - INFO - ********************
2021-01-27 16:43:30,084 - INFO - ********************
2021-01-27 16:43:30,084 - INFO - OOF prediction for fold0
2021-01-27 16:43:30,084 - INFO - ********************
2021-01-27 16:43:44,353 - INFO - ********************
2021-01-27 16:43:44,353 - INFO - Prediction on test for fold0
2021-01-27 16:43:44,353 - INFO - ********************
2021-01-27 16:50:37,727 - INFO - ====================
2021-01-27 16:50:37,727 - INFO - Fold 1
2021-01-27 16:50:37,727 - INFO - ====================
2021-01-27 16:50:38,180 - INFO - ********************
2021-01-27 16:50:38,180 - INFO - Soft OOF prediction for fold1
2021-01-27 16:50:38,180 - INFO - ********************
2021-01-27 16:51:19,063 - INFO - ********************
2021-01-27 16:51:19,064 - INFO - Soft prediction for test
2021-01-27 16:51:19,064 - INFO - ********************
2021-01-27 16:57:10,311 - INFO - ********************
2021-01-27 16:57:10,311 - INFO - OOF prediction for fold1
2021-01-27 16:57:10,311 - INFO - ********************
2021-01-27 16:57:23,597 - INFO - ********************
2021-01-27 16:57:23,597 - INFO - Prediction on test for fold1
2021-01-27 16:57:23,597 - INFO - ********************
2021-01-27 17:04:12,570 - INFO - ====================
2021-01-27 17:04:12,570 - INFO - Fold 2
2021-01-27 17:04:12,570 - INFO - ====================
2021-01-27 17:04:13,023 - INFO - ********************
2021-01-27 17:04:13,024 - INFO - Soft OOF prediction for fold2
2021-01-27 17:04:13,024 - INFO - ********************
2021-01-27 17:04:54,750 - INFO - ********************
2021-01-27 17:04:54,751 - INFO - Soft prediction for test
2021-01-27 17:04:54,751 - INFO - ********************
2021-01-27 17:10:44,822 - INFO - ********************
2021-01-27 17:10:44,822 - INFO - OOF prediction for fold2
2021-01-27 17:10:44,822 - INFO - ********************
2021-01-27 17:10:58,344 - INFO - ********************
2021-01-27 17:10:58,345 - INFO - Prediction on test for fold2
2021-01-27 17:10:58,345 - INFO - ********************
2021-01-27 17:17:53,762 - INFO - ====================
2021-01-27 17:17:53,762 - INFO - Fold 3
2021-01-27 17:17:53,762 - INFO - ====================
2021-01-27 17:17:54,216 - INFO - ********************
2021-01-27 17:17:54,216 - INFO - Soft OOF prediction for fold3
2021-01-27 17:17:54,216 - INFO - ********************
2021-01-27 17:18:26,811 - INFO - ********************
2021-01-27 17:18:26,811 - INFO - Soft prediction for test
2021-01-27 17:18:26,811 - INFO - ********************
2021-01-27 17:24:15,591 - INFO - ********************
2021-01-27 17:24:15,591 - INFO - OOF prediction for fold3
2021-01-27 17:24:15,591 - INFO - ********************
2021-01-27 17:24:27,029 - INFO - ********************
2021-01-27 17:24:27,029 - INFO - Prediction on test for fold3
2021-01-27 17:24:27,030 - INFO - ********************
2021-01-27 17:31:16,301 - INFO - ====================
2021-01-27 17:31:16,302 - INFO - Fold 4
2021-01-27 17:31:16,302 - INFO - ====================
2021-01-27 17:31:16,816 - INFO - ********************
2021-01-27 17:31:16,816 - INFO - Soft OOF prediction for fold4
2021-01-27 17:31:16,816 - INFO - ********************
2021-01-27 17:31:52,503 - INFO - ********************
2021-01-27 17:31:52,503 - INFO - Soft prediction for test
2021-01-27 17:31:52,504 - INFO - ********************
2021-01-27 17:37:44,680 - INFO - ********************
2021-01-27 17:37:44,680 - INFO - OOF prediction for fold4
2021-01-27 17:37:44,680 - INFO - ********************
2021-01-27 17:37:56,492 - INFO - ********************
2021-01-27 17:37:56,492 - INFO - Prediction on test for fold4
2021-01-27 17:37:56,492 - INFO - ********************
2021-01-27 17:44:47,368 - INFO - Valid LWLRAP: 0.85346
