2021-02-05 11:18:57,777 - INFO - logger set up
2021-02-05 11:18:58,086 - INFO - Note: NumExpr detected 20 cores but "NUMEXPR_MAX_THREADS" not set, so enforcing safe limit of 8.
2021-02-05 11:18:58,086 - INFO - NumExpr defaulting to 8 threads.
2021-02-05 11:19:00,661 - INFO - ====================
2021-02-05 11:19:00,661 - INFO - Fold 0
2021-02-05 11:19:00,661 - INFO - ====================
2021-02-05 11:19:02,364 - INFO - ********************
2021-02-05 11:19:02,364 - INFO - OOF prediction for fold0
2021-02-05 11:19:02,364 - INFO - ********************
2021-02-05 11:19:17,837 - INFO - ********************
2021-02-05 11:19:17,837 - INFO - Prediction on test for fold0
2021-02-05 11:19:17,838 - INFO - ********************
2021-02-05 11:27:12,365 - INFO - ====================
2021-02-05 11:27:12,365 - INFO - Fold 1
2021-02-05 11:27:12,365 - INFO - ====================
2021-02-05 11:27:12,518 - INFO - ********************
2021-02-05 11:27:12,518 - INFO - OOF prediction for fold1
2021-02-05 11:27:12,518 - INFO - ********************
2021-02-05 11:27:26,632 - INFO - ********************
2021-02-05 11:27:26,632 - INFO - Prediction on test for fold1
2021-02-05 11:27:26,632 - INFO - ********************
2021-02-05 11:35:23,182 - INFO - ====================
2021-02-05 11:35:23,183 - INFO - Fold 2
2021-02-05 11:35:23,183 - INFO - ====================
2021-02-05 11:35:23,336 - INFO - ********************
2021-02-05 11:35:23,336 - INFO - OOF prediction for fold2
2021-02-05 11:35:23,336 - INFO - ********************
2021-02-05 11:35:37,411 - INFO - ********************
2021-02-05 11:35:37,411 - INFO - Prediction on test for fold2
2021-02-05 11:35:37,411 - INFO - ********************
2021-02-05 11:43:30,274 - INFO - ====================
2021-02-05 11:43:30,274 - INFO - Fold 3
2021-02-05 11:43:30,274 - INFO - ====================
2021-02-05 11:43:30,425 - INFO - ********************
2021-02-05 11:43:30,425 - INFO - OOF prediction for fold3
2021-02-05 11:43:30,425 - INFO - ********************
2021-02-05 11:43:42,088 - INFO - ********************
2021-02-05 11:43:42,088 - INFO - Prediction on test for fold3
2021-02-05 11:43:42,089 - INFO - ********************
2021-02-05 11:51:38,479 - INFO - ====================
2021-02-05 11:51:38,479 - INFO - Fold 4
2021-02-05 11:51:38,479 - INFO - ====================
2021-02-05 11:51:38,628 - INFO - ********************
2021-02-05 11:51:38,628 - INFO - OOF prediction for fold4
2021-02-05 11:51:38,628 - INFO - ********************
2021-02-05 11:51:51,061 - INFO - ********************
2021-02-05 11:51:51,061 - INFO - Prediction on test for fold4
2021-02-05 11:51:51,061 - INFO - ********************
2021-02-05 11:59:41,895 - INFO - Valid LWLRAP: 0.85443
