2021-02-08 23:39:03,688 - INFO - logger set up
2021-02-08 23:39:11,311 - INFO - ====================
2021-02-08 23:39:11,311 - INFO - Fold 0
2021-02-08 23:39:11,311 - INFO - ====================
2021-02-08 23:39:16,817 - INFO - ********************
2021-02-08 23:39:16,817 - INFO - Soft OOF prediction for fold0
2021-02-08 23:39:16,817 - INFO - ********************
2021-02-08 23:39:18,551 - INFO - Internal process exited
2021-02-08 23:42:21,236 - INFO - logger set up
2021-02-08 23:42:28,675 - INFO - ====================
2021-02-08 23:42:28,676 - INFO - Fold 0
2021-02-08 23:42:28,676 - INFO - ====================
2021-02-08 23:42:33,911 - INFO - ********************
2021-02-08 23:42:33,912 - INFO - Soft OOF prediction for fold0
2021-02-08 23:42:33,912 - INFO - ********************
2021-02-08 23:42:35,680 - INFO - Internal process exited
2021-02-08 23:45:20,897 - INFO - logger set up
2021-02-08 23:45:28,488 - INFO - ====================
2021-02-08 23:45:28,488 - INFO - Fold 0
2021-02-08 23:45:28,488 - INFO - ====================
2021-02-08 23:45:33,739 - INFO - ********************
2021-02-08 23:45:33,740 - INFO - Soft OOF prediction for fold0
2021-02-08 23:45:33,740 - INFO - ********************
2021-02-08 23:45:58,706 - INFO - ********************
2021-02-08 23:45:58,707 - INFO - Soft prediction for test
2021-02-08 23:45:58,707 - INFO - ********************
2021-02-08 23:49:29,203 - INFO - ********************
2021-02-08 23:49:29,204 - INFO - OOF prediction for fold0
2021-02-08 23:49:29,204 - INFO - ********************
2021-02-08 23:49:42,614 - INFO - ********************
2021-02-08 23:49:42,614 - INFO - Prediction on test for fold0
2021-02-08 23:49:42,614 - INFO - ********************
2021-02-08 23:52:38,585 - INFO - ====================
2021-02-08 23:52:38,585 - INFO - Fold 1
2021-02-08 23:52:38,585 - INFO - ====================
2021-02-08 23:52:38,916 - INFO - ********************
2021-02-08 23:52:38,916 - INFO - Soft OOF prediction for fold1
2021-02-08 23:52:38,916 - INFO - ********************
2021-02-08 23:53:04,417 - INFO - ********************
2021-02-08 23:53:04,417 - INFO - Soft prediction for test
2021-02-08 23:53:04,417 - INFO - ********************
2021-02-08 23:56:39,008 - INFO - ********************
2021-02-08 23:56:39,008 - INFO - OOF prediction for fold1
2021-02-08 23:56:39,008 - INFO - ********************
2021-02-08 23:56:52,493 - INFO - ********************
2021-02-08 23:56:52,493 - INFO - Prediction on test for fold1
2021-02-08 23:56:52,493 - INFO - ********************
2021-02-08 23:59:44,903 - INFO - ====================
2021-02-08 23:59:44,903 - INFO - Fold 2
2021-02-08 23:59:44,903 - INFO - ====================
2021-02-08 23:59:45,280 - INFO - ********************
2021-02-08 23:59:45,280 - INFO - Soft OOF prediction for fold2
2021-02-08 23:59:45,280 - INFO - ********************
2021-02-09 00:00:13,956 - INFO - ********************
2021-02-09 00:00:13,957 - INFO - Soft prediction for test
2021-02-09 00:00:13,957 - INFO - ********************
2021-02-09 00:03:49,100 - INFO - ********************
2021-02-09 00:03:49,101 - INFO - OOF prediction for fold2
2021-02-09 00:03:49,101 - INFO - ********************
2021-02-09 00:04:03,624 - INFO - ********************
2021-02-09 00:04:03,624 - INFO - Prediction on test for fold2
2021-02-09 00:04:03,625 - INFO - ********************
2021-02-09 00:06:57,079 - INFO - ====================
2021-02-09 00:06:57,079 - INFO - Fold 3
2021-02-09 00:06:57,079 - INFO - ====================
2021-02-09 00:06:57,422 - INFO - ********************
2021-02-09 00:06:57,423 - INFO - Soft OOF prediction for fold3
2021-02-09 00:06:57,423 - INFO - ********************
2021-02-09 00:07:24,095 - INFO - ********************
2021-02-09 00:07:24,095 - INFO - Soft prediction for test
2021-02-09 00:07:24,095 - INFO - ********************
2021-02-09 00:10:57,444 - INFO - ********************
2021-02-09 00:10:57,444 - INFO - OOF prediction for fold3
2021-02-09 00:10:57,444 - INFO - ********************
2021-02-09 00:11:11,607 - INFO - ********************
2021-02-09 00:11:11,607 - INFO - Prediction on test for fold3
2021-02-09 00:11:11,607 - INFO - ********************
2021-02-09 00:14:05,418 - INFO - ====================
2021-02-09 00:14:05,418 - INFO - Fold 4
2021-02-09 00:14:05,418 - INFO - ====================
2021-02-09 00:14:05,758 - INFO - ********************
2021-02-09 00:14:05,758 - INFO - Soft OOF prediction for fold4
2021-02-09 00:14:05,758 - INFO - ********************
2021-02-09 00:14:30,077 - INFO - ********************
2021-02-09 00:14:30,077 - INFO - Soft prediction for test
2021-02-09 00:14:30,077 - INFO - ********************
2021-02-09 00:18:04,906 - INFO - ********************
2021-02-09 00:18:04,907 - INFO - OOF prediction for fold4
2021-02-09 00:18:04,907 - INFO - ********************
2021-02-09 00:18:18,178 - INFO - ********************
2021-02-09 00:18:18,178 - INFO - Prediction on test for fold4
2021-02-09 00:18:18,178 - INFO - ********************
2021-02-09 00:21:11,269 - INFO - Valid LWLRAP: 0.85620
2021-02-09 00:21:17,608 - INFO - Internal process exited
