2021-01-29 07:39:59,193 - INFO - logger set up
2021-01-29 07:39:59,514 - INFO - Note: NumExpr detected 20 cores but "NUMEXPR_MAX_THREADS" not set, so enforcing safe limit of 8.
2021-01-29 07:39:59,514 - INFO - NumExpr defaulting to 8 threads.
2021-01-29 07:40:02,043 - INFO - ====================
2021-01-29 07:40:02,043 - INFO - Fold 0
2021-01-29 07:40:02,043 - INFO - ====================
2021-01-29 07:40:04,041 - INFO - ********************
2021-01-29 07:40:04,042 - INFO - OOF prediction for fold0
2021-01-29 07:40:04,042 - INFO - ********************
2021-01-29 07:40:18,365 - INFO - ********************
2021-01-29 07:40:18,365 - INFO - Prediction on test for fold0
2021-01-29 07:40:18,365 - INFO - ********************
2021-01-29 07:47:04,038 - INFO - ====================
2021-01-29 07:47:04,038 - INFO - Fold 1
2021-01-29 07:47:04,038 - INFO - ====================
2021-01-29 07:47:04,477 - INFO - ********************
2021-01-29 07:47:04,477 - INFO - OOF prediction for fold1
2021-01-29 07:47:04,477 - INFO - ********************
2021-01-29 07:47:17,596 - INFO - ********************
2021-01-29 07:47:17,596 - INFO - Prediction on test for fold1
2021-01-29 07:47:17,596 - INFO - ********************
2021-01-29 07:54:09,218 - INFO - ====================
2021-01-29 07:54:09,218 - INFO - Fold 2
2021-01-29 07:54:09,218 - INFO - ====================
2021-01-29 07:54:09,663 - INFO - ********************
2021-01-29 07:54:09,663 - INFO - OOF prediction for fold2
2021-01-29 07:54:09,663 - INFO - ********************
2021-01-29 07:54:22,911 - INFO - ********************
2021-01-29 07:54:22,911 - INFO - Prediction on test for fold2
2021-01-29 07:54:22,912 - INFO - ********************
2021-01-29 08:01:10,602 - INFO - ====================
2021-01-29 08:01:10,602 - INFO - Fold 3
2021-01-29 08:01:10,602 - INFO - ====================
2021-01-29 08:01:11,037 - INFO - ********************
2021-01-29 08:01:11,037 - INFO - OOF prediction for fold3
2021-01-29 08:01:11,037 - INFO - ********************
2021-01-29 08:01:21,994 - INFO - ********************
2021-01-29 08:01:21,994 - INFO - Prediction on test for fold3
2021-01-29 08:01:21,994 - INFO - ********************
2021-01-29 08:08:13,370 - INFO - ====================
2021-01-29 08:08:13,370 - INFO - Fold 4
2021-01-29 08:08:13,370 - INFO - ====================
2021-01-29 08:08:13,810 - INFO - ********************
2021-01-29 08:08:13,810 - INFO - OOF prediction for fold4
2021-01-29 08:08:13,810 - INFO - ********************
2021-01-29 08:08:25,573 - INFO - ********************
2021-01-29 08:08:25,573 - INFO - Prediction on test for fold4
2021-01-29 08:08:25,573 - INFO - ********************
2021-01-29 08:15:15,457 - INFO - Valid LWLRAP: 0.87776
