2021-01-19 18:13:02,416 - INFO - logger set up
2021-01-19 18:13:02,732 - INFO - Note: NumExpr detected 20 cores but "NUMEXPR_MAX_THREADS" not set, so enforcing safe limit of 8.
2021-01-19 18:13:02,732 - INFO - NumExpr defaulting to 8 threads.
2021-01-19 18:13:05,274 - INFO - ====================
2021-01-19 18:13:05,274 - INFO - Fold 0
2021-01-19 18:13:05,274 - INFO - ====================
2021-01-19 18:13:07,257 - INFO - ********************
2021-01-19 18:13:07,257 - INFO - OOF prediction for fold0
2021-01-19 18:13:07,257 - INFO - ********************
2021-01-19 18:13:23,181 - INFO - ********************
2021-01-19 18:13:23,181 - INFO - Prediction on test for fold0
2021-01-19 18:13:23,181 - INFO - ********************
2021-01-19 18:21:14,062 - INFO - ====================
2021-01-19 18:21:14,062 - INFO - Fold 1
2021-01-19 18:21:14,062 - INFO - ====================
2021-01-19 18:21:14,510 - INFO - ********************
2021-01-19 18:21:14,510 - INFO - OOF prediction for fold1
2021-01-19 18:21:14,510 - INFO - ********************
2021-01-19 18:21:29,151 - INFO - ********************
2021-01-19 18:21:29,151 - INFO - Prediction on test for fold1
2021-01-19 18:21:29,151 - INFO - ********************
2021-01-19 18:29:18,160 - INFO - ====================
2021-01-19 18:29:18,160 - INFO - Fold 2
2021-01-19 18:29:18,160 - INFO - ====================
2021-01-19 18:29:18,605 - INFO - ********************
2021-01-19 18:29:18,605 - INFO - OOF prediction for fold2
2021-01-19 18:29:18,605 - INFO - ********************
2021-01-19 18:29:33,340 - INFO - ********************
2021-01-19 18:29:33,340 - INFO - Prediction on test for fold2
2021-01-19 18:29:33,340 - INFO - ********************
2021-01-19 18:37:25,530 - INFO - ====================
2021-01-19 18:37:25,530 - INFO - Fold 3
2021-01-19 18:37:25,530 - INFO - ====================
2021-01-19 18:37:25,976 - INFO - ********************
2021-01-19 18:37:25,977 - INFO - OOF prediction for fold3
2021-01-19 18:37:25,977 - INFO - ********************
2021-01-19 18:37:38,486 - INFO - ********************
2021-01-19 18:37:38,486 - INFO - Prediction on test for fold3
2021-01-19 18:37:38,486 - INFO - ********************
2021-01-19 18:45:28,810 - INFO - ====================
2021-01-19 18:45:28,810 - INFO - Fold 4
2021-01-19 18:45:28,810 - INFO - ====================
2021-01-19 18:45:29,254 - INFO - ********************
2021-01-19 18:45:29,254 - INFO - OOF prediction for fold4
2021-01-19 18:45:29,254 - INFO - ********************
2021-01-19 18:45:42,556 - INFO - ********************
2021-01-19 18:45:42,557 - INFO - Prediction on test for fold4
2021-01-19 18:45:42,557 - INFO - ********************
2021-01-19 18:53:33,941 - INFO - Valid LWLRAP: 0.87861
